This file contains any messages produced by compilers while
running configure, to aid debugging if configure makes a mistake.

It was created by libffi configure 3.4.2, which was
generated by GNU Autoconf 2.69.  Invocation command line was

  $ ../configure -host x86_64-apple-darwin13

## --------- ##
## Platform. ##
## --------- ##

hostname = MacBook-Air-de-Emma.local
uname -m = arm64
uname -r = 21.1.0
uname -s = Darwin
uname -v = Darwin Kernel Version 21.1.0: Wed Oct 13 17:33:24 PDT 2021; root:xnu-8019.41.5~1/RELEASE_ARM64_T8101

/usr/bin/uname -p = arm
/bin/uname -X     = unknown

/bin/arch              = unknown
/usr/bin/arch -k       = unknown
/usr/convex/getsysinfo = unknown
/usr/bin/hostinfo      = Mach kernel version:
	 Darwin Kernel Version 21.1.0: Wed Oct 13 17:33:24 PDT 2021; root:xnu-8019.41.5~1/RELEASE_ARM64_T8101
Kernel configured for up to 8 processors.
8 processors are physically available.
8 processors are logically available.
Processor type: arm64e (ARM64E)
Processors active: 0 1 2 3 4 5 6 7
Primary memory available: 8.00 gigabytes
Default processor set: 313 tasks, 1613 threads, 8 processors
Load average: 3.76, Mach factor: 4.22
/bin/machine           = unknown
/usr/bin/oslevel       = unknown
/bin/universe          = unknown

PATH: /usr/gnu/bin
PATH: /usr/local/bin
PATH: /bin
PATH: /usr/bin
PATH: .


## ----------- ##
## Core tests. ##
## ----------- ##

configure:2707: checking build system type
configure:2721: result: aarch64-apple-darwin21.1.0
configure:2741: checking host system type
configure:2754: result: x86_64-apple-darwin13
configure:2774: checking target system type
configure:2787: result: x86_64-apple-darwin13
configure:2884: checking for gsed
configure:2915: result: sed
configure:2943: checking for a BSD-compatible install
configure:3011: result: /usr/bin/install -c
configure:3022: checking whether build environment is sane
configure:3077: result: yes
configure:3133: checking for x86_64-apple-darwin13-strip
configure:3163: result: no
configure:3173: checking for strip
configure:3189: found /usr/bin/strip
configure:3200: result: strip
configure:3225: checking for a thread-safe mkdir -p
configure:3264: result: ../install-sh -c -d
configure:3271: checking for gawk
configure:3301: result: no
configure:3271: checking for mawk
configure:3301: result: no
configure:3271: checking for nawk
configure:3301: result: no
configure:3271: checking for awk
configure:3287: found /usr/bin/awk
configure:3298: result: awk
configure:3309: checking whether make sets $(MAKE)
configure:3331: result: yes
configure:3360: checking whether make supports nested variables
configure:3377: result: yes
configure:3522: checking for x86_64-apple-darwin13-gcc
configure:3549: result: xcrun -sdk appletvsimulator clang -arch x86_64
configure:3818: checking for C compiler version
configure:3827: xcrun -sdk appletvsimulator clang -arch x86_64 --version >&5
Apple clang version 13.0.0 (clang-1300.0.29.3)
Target: x86_64-apple-darwin21.1.0
Thread model: posix
InstalledDir: /Applications/Xcode.app/Contents/Developer/Toolchains/XcodeDefault.xctoolchain/usr/bin
configure:3838: $? = 0
configure:3827: xcrun -sdk appletvsimulator clang -arch x86_64 -v >&5
Apple clang version 13.0.0 (clang-1300.0.29.3)
Target: x86_64-apple-darwin21.1.0
Thread model: posix
InstalledDir: /Applications/Xcode.app/Contents/Developer/Toolchains/XcodeDefault.xctoolchain/usr/bin
configure:3838: $? = 0
configure:3827: xcrun -sdk appletvsimulator clang -arch x86_64 -V >&5
clang: error: argument to '-V' is missing (expected 1 value)
clang: error: no input files
configure:3838: $? = 1
configure:3827: xcrun -sdk appletvsimulator clang -arch x86_64 -qversion >&5
clang: error: unknown argument '-qversion'; did you mean '--version'?
clang: error: no input files
configure:3838: $? = 1
configure:3858: checking whether the C compiler works
configure:3880: xcrun -sdk appletvsimulator clang -arch x86_64 -mtvos-version-min=9.0 -fembed-bitcode   conftest.c  >&5
configure:3884: $? = 0
configure:3932: result: yes
configure:3935: checking for C compiler default output file name
configure:3937: result: a.out
configure:3943: checking for suffix of executables
configure:3950: xcrun -sdk appletvsimulator clang -arch x86_64 -o conftest -mtvos-version-min=9.0 -fembed-bitcode   conftest.c  >&5
configure:3954: $? = 0
configure:3976: result: 
configure:3998: checking whether we are cross compiling
configure:4006: xcrun -sdk appletvsimulator clang -arch x86_64 -o conftest -mtvos-version-min=9.0 -fembed-bitcode   conftest.c  >&5
configure:4010: $? = 0
configure:4017: ./conftest
dyld[2006]: DYLD_ROOT_PATH not set for simulator program
../configure: line 4019:  2006 Abort trap: 6           ./conftest$ac_cv_exeext
configure:4021: $? = 134
configure:4036: result: yes
configure:4041: checking for suffix of object files
configure:4063: xcrun -sdk appletvsimulator clang -arch x86_64 -c -mtvos-version-min=9.0 -fembed-bitcode  conftest.c >&5
configure:4067: $? = 0
configure:4088: result: o
configure:4092: checking whether we are using the GNU C compiler
configure:4111: xcrun -sdk appletvsimulator clang -arch x86_64 -c -mtvos-version-min=9.0 -fembed-bitcode  conftest.c >&5
configure:4111: $? = 0
configure:4120: result: yes
configure:4129: checking whether xcrun -sdk appletvsimulator clang -arch x86_64 accepts -g
configure:4149: xcrun -sdk appletvsimulator clang -arch x86_64 -c -g  conftest.c >&5
configure:4149: $? = 0
configure:4190: result: yes
configure:4207: checking for xcrun -sdk appletvsimulator clang -arch x86_64 option to accept ISO C89
configure:4270: xcrun -sdk appletvsimulator clang -arch x86_64  -c -mtvos-version-min=9.0 -fembed-bitcode  conftest.c >&5
configure:4270: $? = 0
configure:4283: result: none needed
configure:4308: checking whether xcrun -sdk appletvsimulator clang -arch x86_64 understands -c and -o together
configure:4330: xcrun -sdk appletvsimulator clang -arch x86_64 -c conftest.c -o conftest2.o
configure:4333: $? = 0
configure:4330: xcrun -sdk appletvsimulator clang -arch x86_64 -c conftest.c -o conftest2.o
configure:4333: $? = 0
configure:4345: result: yes
configure:4365: checking whether make supports the include directive
configure:4380: make -f confmf.GNU && cat confinc.out
this is the am__doit target
configure:4383: $? = 0
configure:4402: result: yes (GNU style)
configure:4427: checking dependency style of xcrun -sdk appletvsimulator clang -arch x86_64
configure:4538: result: gcc3
configure:4567: checking for x86_64-apple-darwin13-g++
configure:4597: result: no
configure:4567: checking for x86_64-apple-darwin13-c++
configure:4597: result: no
configure:4567: checking for x86_64-apple-darwin13-gpp
configure:4597: result: no
configure:4567: checking for x86_64-apple-darwin13-aCC
configure:4597: result: no
configure:4567: checking for x86_64-apple-darwin13-CC
configure:4597: result: no
configure:4567: checking for x86_64-apple-darwin13-cxx
configure:4597: result: no
configure:4567: checking for x86_64-apple-darwin13-cc++
configure:4597: result: no
configure:4567: checking for x86_64-apple-darwin13-cl.exe
configure:4597: result: no
configure:4567: checking for x86_64-apple-darwin13-FCC
configure:4597: result: no
configure:4567: checking for x86_64-apple-darwin13-KCC
configure:4597: result: no
configure:4567: checking for x86_64-apple-darwin13-RCC
configure:4597: result: no
configure:4567: checking for x86_64-apple-darwin13-xlC_r
configure:4597: result: no
configure:4567: checking for x86_64-apple-darwin13-xlC
configure:4597: result: no
configure:4611: checking for g++
configure:4627: found /usr/bin/g++
configure:4638: result: g++
configure:4654: WARNING: using cross tools not prefixed with host triplet
configure:4665: checking for C++ compiler version
configure:4674: g++ --version >&5
Apple clang version 13.0.0 (clang-1300.0.29.3)
Target: arm64-apple-darwin21.1.0
Thread model: posix
InstalledDir: /Applications/Xcode.app/Contents/Developer/Toolchains/XcodeDefault.xctoolchain/usr/bin
Configured with: --prefix=/Applications/Xcode.app/Contents/Developer/usr --with-gxx-include-dir=/Applications/Xcode.app/Contents/Developer/Platforms/MacOSX.platform/Developer/SDKs/MacOSX.sdk/usr/include/c++/4.2.1
configure:4685: $? = 0
configure:4674: g++ -v >&5
Configured with: --prefix=/Applications/Xcode.app/Contents/Developer/usr --with-gxx-include-dir=/Applications/Xcode.app/Contents/Developer/Platforms/MacOSX.platform/Developer/SDKs/MacOSX.sdk/usr/include/c++/4.2.1
Apple clang version 13.0.0 (clang-1300.0.29.3)
Target: arm64-apple-darwin21.1.0
Thread model: posix
InstalledDir: /Applications/Xcode.app/Contents/Developer/Toolchains/XcodeDefault.xctoolchain/usr/bin
configure:4685: $? = 0
configure:4674: g++ -V >&5
clang: error: argument to '-V' is missing (expected 1 value)
clang: error: no input files
configure:4685: $? = 1
configure:4674: g++ -qversion >&5
clang: error: unknown argument '-qversion'; did you mean '--version'?
clang: error: no input files
configure:4685: $? = 1
configure:4689: checking whether we are using the GNU C++ compiler
configure:4708: g++ -c   conftest.cpp >&5
configure:4708: $? = 0
configure:4717: result: yes
configure:4726: checking whether g++ accepts -g
configure:4746: g++ -c -g  conftest.cpp >&5
configure:4746: $? = 0
configure:4787: result: yes
configure:4812: checking dependency style of g++
configure:4923: result: gcc3
configure:4953: checking dependency style of xcrun -sdk appletvsimulator clang -arch x86_64
configure:5062: result: gcc3
configure:5124: checking how to print strings
configure:5151: result: printf
configure:5172: checking for a sed that does not truncate output
configure:5236: result: /usr/bin/sed
configure:5254: checking for grep that handles long lines and -e
configure:5312: result: /usr/bin/grep
configure:5317: checking for egrep
configure:5379: result: /usr/bin/grep -E
configure:5384: checking for fgrep
configure:5446: result: /usr/bin/grep -F
configure:5481: checking for ld used by xcrun -sdk appletvsimulator clang -arch x86_64
configure:5548: result: xcrun -sdk appletvsimulator ld -arch x86_64
configure:5555: checking if the linker (xcrun -sdk appletvsimulator ld -arch x86_64) is GNU ld
configure:5570: result: no
configure:5582: checking for BSD- or MS-compatible name lister (nm)
configure:5636: result: no
configure:5650: checking for x86_64-apple-darwin13-dumpbin
configure:5680: result: no
configure:5650: checking for x86_64-apple-darwin13-link
configure:5680: result: no
configure:5694: checking for dumpbin
configure:5724: result: no
configure:5694: checking for link
configure:5710: found /bin/link
configure:5721: result: link -dump
configure:5766: checking the name lister (nm) interface
configure:5773: xcrun -sdk appletvsimulator clang -arch x86_64 -c -mtvos-version-min=9.0 -fembed-bitcode  conftest.c >&5
configure:5776: nm "conftest.o"
configure:5779: output
---------------- D _some_variable
configure:5786: result: BSD nm
configure:5789: checking whether ln -s works
configure:5793: result: yes
configure:5801: checking the maximum length of command line arguments
configure:5932: result: 786432
configure:5980: checking how to convert aarch64-apple-darwin21.1.0 file names to x86_64-apple-darwin13 format
configure:6020: result: func_convert_file_noop
configure:6027: checking how to convert aarch64-apple-darwin21.1.0 file names to toolchain format
configure:6047: result: func_convert_file_noop
configure:6054: checking for xcrun -sdk appletvsimulator ld -arch x86_64 option to reload object files
configure:6061: result: -r
configure:6095: checking for x86_64-apple-darwin13-objdump
configure:6125: result: no
configure:6135: checking for objdump
configure:6151: found /usr/bin/objdump
configure:6162: result: objdump
configure:6194: checking how to recognize dependent libraries
configure:6394: result: pass_all
configure:6439: checking for x86_64-apple-darwin13-dlltool
configure:6469: result: no
configure:6479: checking for dlltool
configure:6509: result: no
configure:6539: checking how to associate runtime and link libraries
configure:6566: result: printf %s\n
configure:6583: checking for x86_64-apple-darwin13-ar
configure:6613: result: no
configure:6627: checking for ar
configure:6643: found /usr/bin/ar
configure:6654: result: ar
configure:6691: checking for archiver @FILE support
configure:6708: xcrun -sdk appletvsimulator clang -arch x86_64 -c -mtvos-version-min=9.0 -fembed-bitcode  conftest.c >&5
configure:6708: $? = 0
configure:6711: ar cru libconftest.a @conftest.lst >&5
ar: @conftest.lst: No such file or directory
configure:6714: $? = 1
configure:6734: result: no
configure:6752: checking for x86_64-apple-darwin13-strip
configure:6779: result: strip
configure:6851: checking for x86_64-apple-darwin13-ranlib
configure:6881: result: no
configure:6891: checking for ranlib
configure:6907: found /usr/bin/ranlib
configure:6918: result: ranlib
configure:7020: checking command to parse nm output from xcrun -sdk appletvsimulator clang -arch x86_64 object
configure:7173: xcrun -sdk appletvsimulator clang -arch x86_64 -c -mtvos-version-min=9.0 -fembed-bitcode  conftest.c >&5
configure:7176: $? = 0
configure:7180: nm conftest.o \| sed -n -e 's/^.*[ ]\([BCDEGRST][BCDEGRST]*\)[ ][ ]*\([_A-Za-z][_A-Za-z0-9]*\)$/\1 \2 \2/p' | sed '/ __gnu_lto/d' \> conftest.nm
configure:7183: $? = 0
cannot find nm_test_var in conftest.nm
configure:7173: xcrun -sdk appletvsimulator clang -arch x86_64 -c -mtvos-version-min=9.0 -fembed-bitcode  conftest.c >&5
configure:7176: $? = 0
configure:7180: nm conftest.o \| sed -n -e 's/^.*[ ]\([BCDEGRST][BCDEGRST]*\)[ ][ ]*_\([_A-Za-z][_A-Za-z0-9]*\)$/\1 _\2 \2/p' | sed '/ __gnu_lto/d' \> conftest.nm
configure:7183: $? = 0
configure:7249: xcrun -sdk appletvsimulator clang -arch x86_64 -o conftest -mtvos-version-min=9.0 -fembed-bitcode   conftest.c conftstm.o >&5
configure:7252: $? = 0
configure:7290: result: ok
configure:7337: checking for sysroot
configure:7367: result: no
configure:7374: checking for a working dd
configure:7412: result: /bin/dd
configure:7416: checking how to truncate binary pipes
configure:7431: result: /bin/dd bs=4096 count=1
configure:7720: checking for x86_64-apple-darwin13-mt
configure:7750: result: no
configure:7760: checking for mt
configure:7790: result: no
configure:7810: checking if : is a manifest tool
configure:7816: : '-?'
configure:7824: result: no
configure:7840: checking for x86_64-apple-darwin13-dsymutil
configure:7870: result: no
configure:7880: checking for dsymutil
configure:7896: found /usr/bin/dsymutil
configure:7907: result: dsymutil
configure:7932: checking for x86_64-apple-darwin13-nmedit
configure:7962: result: no
configure:7972: checking for nmedit
configure:7988: found /usr/bin/nmedit
configure:7999: result: nmedit
configure:8024: checking for x86_64-apple-darwin13-lipo
configure:8054: result: no
configure:8064: checking for lipo
configure:8080: found /usr/bin/lipo
configure:8091: result: lipo
configure:8116: checking for x86_64-apple-darwin13-otool
configure:8146: result: no
configure:8156: checking for otool
configure:8172: found /usr/bin/otool
configure:8183: result: otool
configure:8208: checking for x86_64-apple-darwin13-otool64
configure:8238: result: no
configure:8248: checking for otool64
configure:8278: result: no
configure:8323: checking for -single_module linker flag
xcrun -sdk appletvsimulator clang -arch x86_64 -mtvos-version-min=9.0 -fembed-bitcode  -o libconftest.dylib -dynamiclib -Wl,-single_module conftest.c
configure:8356: result: yes
configure:8359: checking for -exported_symbols_list linker flag
configure:8379: xcrun -sdk appletvsimulator clang -arch x86_64 -o conftest -mtvos-version-min=9.0 -fembed-bitcode   -Wl,-exported_symbols_list,conftest.sym conftest.c  >&5
configure:8379: $? = 0
configure:8389: result: yes
configure:8392: checking for -force_load linker flag
xcrun -sdk appletvsimulator clang -arch x86_64 -mtvos-version-min=9.0 -fembed-bitcode -c -o conftest.o conftest.c
ar cru libconftest.a conftest.o
ranlib libconftest.a
xcrun -sdk appletvsimulator clang -arch x86_64 -mtvos-version-min=9.0 -fembed-bitcode  -o conftest conftest.c -Wl,-force_load,./libconftest.a
configure:8424: result: yes
configure:8501: checking how to run the C preprocessor
configure:8532: xcrun -sdk appletvsimulator clang -arch x86_64 -E  conftest.c
configure:8532: $? = 0
configure:8546: xcrun -sdk appletvsimulator clang -arch x86_64 -E  conftest.c
conftest.c:11:10: fatal error: 'ac_nonexistent.h' file not found
#include <ac_nonexistent.h>
         ^~~~~~~~~~~~~~~~~~
1 error generated.
configure:8546: $? = 1
configure: failed program was:
| /* confdefs.h */
| #define PACKAGE_NAME "libffi"
| #define PACKAGE_TARNAME "libffi"
| #define PACKAGE_VERSION "3.4.2"
| #define PACKAGE_STRING "libffi 3.4.2"
| #define PACKAGE_BUGREPORT "http://github.com/libffi/libffi/issues"
| #define PACKAGE_URL ""
| #define PACKAGE "libffi"
| #define VERSION "3.4.2"
| /* end confdefs.h.  */
| #include <ac_nonexistent.h>
configure:8571: result: xcrun -sdk appletvsimulator clang -arch x86_64 -E
configure:8591: xcrun -sdk appletvsimulator clang -arch x86_64 -E  conftest.c
configure:8591: $? = 0
configure:8605: xcrun -sdk appletvsimulator clang -arch x86_64 -E  conftest.c
conftest.c:11:10: fatal error: 'ac_nonexistent.h' file not found
#include <ac_nonexistent.h>
         ^~~~~~~~~~~~~~~~~~
1 error generated.
configure:8605: $? = 1
configure: failed program was:
| /* confdefs.h */
| #define PACKAGE_NAME "libffi"
| #define PACKAGE_TARNAME "libffi"
| #define PACKAGE_VERSION "3.4.2"
| #define PACKAGE_STRING "libffi 3.4.2"
| #define PACKAGE_BUGREPORT "http://github.com/libffi/libffi/issues"
| #define PACKAGE_URL ""
| #define PACKAGE "libffi"
| #define VERSION "3.4.2"
| /* end confdefs.h.  */
| #include <ac_nonexistent.h>
configure:8634: checking for ANSI C header files
configure:8654: xcrun -sdk appletvsimulator clang -arch x86_64 -c -mtvos-version-min=9.0 -fembed-bitcode  conftest.c >&5
configure:8654: $? = 0
configure:8738: result: yes
configure:8751: checking for sys/types.h
configure:8751: xcrun -sdk appletvsimulator clang -arch x86_64 -c -mtvos-version-min=9.0 -fembed-bitcode  conftest.c >&5
configure:8751: $? = 0
configure:8751: result: yes
configure:8751: checking for sys/stat.h
configure:8751: xcrun -sdk appletvsimulator clang -arch x86_64 -c -mtvos-version-min=9.0 -fembed-bitcode  conftest.c >&5
configure:8751: $? = 0
configure:8751: result: yes
configure:8751: checking for stdlib.h
configure:8751: xcrun -sdk appletvsimulator clang -arch x86_64 -c -mtvos-version-min=9.0 -fembed-bitcode  conftest.c >&5
configure:8751: $? = 0
configure:8751: result: yes
configure:8751: checking for string.h
configure:8751: xcrun -sdk appletvsimulator clang -arch x86_64 -c -mtvos-version-min=9.0 -fembed-bitcode  conftest.c >&5
configure:8751: $? = 0
configure:8751: result: yes
configure:8751: checking for memory.h
configure:8751: xcrun -sdk appletvsimulator clang -arch x86_64 -c -mtvos-version-min=9.0 -fembed-bitcode  conftest.c >&5
configure:8751: $? = 0
configure:8751: result: yes
configure:8751: checking for strings.h
configure:8751: xcrun -sdk appletvsimulator clang -arch x86_64 -c -mtvos-version-min=9.0 -fembed-bitcode  conftest.c >&5
configure:8751: $? = 0
configure:8751: result: yes
configure:8751: checking for inttypes.h
configure:8751: xcrun -sdk appletvsimulator clang -arch x86_64 -c -mtvos-version-min=9.0 -fembed-bitcode  conftest.c >&5
configure:8751: $? = 0
configure:8751: result: yes
configure:8751: checking for stdint.h
configure:8751: xcrun -sdk appletvsimulator clang -arch x86_64 -c -mtvos-version-min=9.0 -fembed-bitcode  conftest.c >&5
configure:8751: $? = 0
configure:8751: result: yes
configure:8751: checking for unistd.h
configure:8751: xcrun -sdk appletvsimulator clang -arch x86_64 -c -mtvos-version-min=9.0 -fembed-bitcode  conftest.c >&5
configure:8751: $? = 0
configure:8751: result: yes
configure:8765: checking for dlfcn.h
configure:8765: xcrun -sdk appletvsimulator clang -arch x86_64 -c -mtvos-version-min=9.0 -fembed-bitcode  conftest.c >&5
configure:8765: $? = 0
configure:8765: result: yes
configure:9032: checking for objdir
configure:9047: result: .libs
configure:9311: checking if xcrun -sdk appletvsimulator clang -arch x86_64 supports -fno-rtti -fno-exceptions
configure:9329: xcrun -sdk appletvsimulator clang -arch x86_64 -c -mtvos-version-min=9.0 -fembed-bitcode  -fno-rtti -fno-exceptions conftest.c >&5
configure:9333: $? = 0
configure:9346: result: yes
configure:9704: checking for xcrun -sdk appletvsimulator clang -arch x86_64 option to produce PIC
configure:9711: result: -fno-common -DPIC
configure:9719: checking if xcrun -sdk appletvsimulator clang -arch x86_64 PIC flag -fno-common -DPIC works
configure:9737: xcrun -sdk appletvsimulator clang -arch x86_64 -c -mtvos-version-min=9.0 -fembed-bitcode  -fno-common -DPIC -DPIC conftest.c >&5
configure:9741: $? = 0
configure:9754: result: yes
configure:9783: checking if xcrun -sdk appletvsimulator clang -arch x86_64 static flag -static works
configure:9811: result: no
configure:9826: checking if xcrun -sdk appletvsimulator clang -arch x86_64 supports -c -o file.o
configure:9847: xcrun -sdk appletvsimulator clang -arch x86_64 -c -mtvos-version-min=9.0 -fembed-bitcode  -o out/conftest2.o conftest.c >&5
configure:9851: $? = 0
configure:9873: result: yes
configure:9881: checking if xcrun -sdk appletvsimulator clang -arch x86_64 supports -c -o file.o
configure:9928: result: yes
configure:9961: checking whether the xcrun -sdk appletvsimulator clang -arch x86_64 linker (xcrun -sdk appletvsimulator ld -arch x86_64) supports shared libraries
configure:11220: result: yes
configure:11460: checking dynamic linker characteristics
configure:12281: result: darwin13 dyld
configure:12403: checking how to hardcode library paths into programs
configure:12428: result: immediate
configure:12976: checking whether stripping libraries is possible
configure:12990: result: yes
configure:13016: checking if libtool supports shared libraries
configure:13018: result: yes
configure:13021: checking whether to build shared libraries
configure:13046: result: yes
configure:13049: checking whether to build static libraries
configure:13053: result: yes
configure:13076: checking how to run the C++ preprocessor
configure:13103: g++ -E  conftest.cpp
configure:13103: $? = 0
configure:13117: g++ -E  conftest.cpp
conftest.cpp:23:10: fatal error: 'ac_nonexistent.h' file not found
#include <ac_nonexistent.h>
         ^~~~~~~~~~~~~~~~~~
1 error generated.
configure:13117: $? = 1
configure: failed program was:
| /* confdefs.h */
| #define PACKAGE_NAME "libffi"
| #define PACKAGE_TARNAME "libffi"
| #define PACKAGE_VERSION "3.4.2"
| #define PACKAGE_STRING "libffi 3.4.2"
| #define PACKAGE_BUGREPORT "http://github.com/libffi/libffi/issues"
| #define PACKAGE_URL ""
| #define PACKAGE "libffi"
| #define VERSION "3.4.2"
| #define STDC_HEADERS 1
| #define HAVE_SYS_TYPES_H 1
| #define HAVE_SYS_STAT_H 1
| #define HAVE_STDLIB_H 1
| #define HAVE_STRING_H 1
| #define HAVE_MEMORY_H 1
| #define HAVE_STRINGS_H 1
| #define HAVE_INTTYPES_H 1
| #define HAVE_STDINT_H 1
| #define HAVE_UNISTD_H 1
| #define HAVE_DLFCN_H 1
| #define LT_OBJDIR ".libs/"
| /* end confdefs.h.  */
| #include <ac_nonexistent.h>
configure:13142: result: g++ -E
configure:13162: g++ -E  conftest.cpp
configure:13162: $? = 0
configure:13176: g++ -E  conftest.cpp
conftest.cpp:23:10: fatal error: 'ac_nonexistent.h' file not found
#include <ac_nonexistent.h>
         ^~~~~~~~~~~~~~~~~~
1 error generated.
configure:13176: $? = 1
configure: failed program was:
| /* confdefs.h */
| #define PACKAGE_NAME "libffi"
| #define PACKAGE_TARNAME "libffi"
| #define PACKAGE_VERSION "3.4.2"
| #define PACKAGE_STRING "libffi 3.4.2"
| #define PACKAGE_BUGREPORT "http://github.com/libffi/libffi/issues"
| #define PACKAGE_URL ""
| #define PACKAGE "libffi"
| #define VERSION "3.4.2"
| #define STDC_HEADERS 1
| #define HAVE_SYS_TYPES_H 1
| #define HAVE_SYS_STAT_H 1
| #define HAVE_STDLIB_H 1
| #define HAVE_STRING_H 1
| #define HAVE_MEMORY_H 1
| #define HAVE_STRINGS_H 1
| #define HAVE_INTTYPES_H 1
| #define HAVE_STDINT_H 1
| #define HAVE_UNISTD_H 1
| #define HAVE_DLFCN_H 1
| #define LT_OBJDIR ".libs/"
| /* end confdefs.h.  */
| #include <ac_nonexistent.h>
configure:13338: checking for ld used by g++
configure:13405: result: xcrun -sdk appletvsimulator ld -arch x86_64
configure:13412: checking if the linker (xcrun -sdk appletvsimulator ld -arch x86_64) is GNU ld
configure:13427: result: no
configure:13482: checking whether the g++ linker (xcrun -sdk appletvsimulator ld -arch x86_64) supports shared libraries
configure:14555: result: yes
configure:14591: g++ -c -g -O2  conftest.cpp >&5
configure:14594: $? = 0
configure:15075: checking for g++ option to produce PIC
configure:15082: result: -fno-common -DPIC
configure:15090: checking if g++ PIC flag -fno-common -DPIC works
configure:15108: g++ -c -g -O2  -fno-common -DPIC -DPIC conftest.cpp >&5
configure:15112: $? = 0
configure:15125: result: yes
configure:15148: checking if g++ static flag -static works
configure:15176: result: no
configure:15188: checking if g++ supports -c -o file.o
configure:15209: g++ -c -g -O2  -o out/conftest2.o conftest.cpp >&5
configure:15213: $? = 0
configure:15235: result: yes
configure:15240: checking if g++ supports -c -o file.o
configure:15287: result: yes
configure:15317: checking whether the g++ linker (xcrun -sdk appletvsimulator ld -arch x86_64) supports shared libraries
configure:15357: result: yes
configure:15498: checking dynamic linker characteristics
configure:16246: result: darwin13 dyld
configure:16311: checking how to hardcode library paths into programs
configure:16336: result: immediate
configure:16402: checking for x86_64-apple-darwin13-readelf
configure:16432: result: no
configure:16442: checking for readelf
configure:16472: result: no
configure:16497: checking size of size_t
configure:16502: xcrun -sdk appletvsimulator clang -arch x86_64 -c -mtvos-version-min=9.0 -fembed-bitcode  conftest.c >&5
configure:16502: $? = 0
configure:16502: xcrun -sdk appletvsimulator clang -arch x86_64 -c -mtvos-version-min=9.0 -fembed-bitcode  conftest.c >&5
conftest.c:59:24: error: 'test_array' declared as an array with a negative size
static int test_array [1 - 2 * !(((long int) (sizeof (size_t))) <= 0)];
                       ^~~~~~~~~~~~~~~~~~~~~~~~~~~~~~~~~~~~~~~~~~~~~~
1 error generated.
configure:16502: $? = 1
configure: failed program was:
| /* confdefs.h */
| #define PACKAGE_NAME "libffi"
| #define PACKAGE_TARNAME "libffi"
| #define PACKAGE_VERSION "3.4.2"
| #define PACKAGE_STRING "libffi 3.4.2"
| #define PACKAGE_BUGREPORT "http://github.com/libffi/libffi/issues"
| #define PACKAGE_URL ""
| #define PACKAGE "libffi"
| #define VERSION "3.4.2"
| #define STDC_HEADERS 1
| #define HAVE_SYS_TYPES_H 1
| #define HAVE_SYS_STAT_H 1
| #define HAVE_STDLIB_H 1
| #define HAVE_STRING_H 1
| #define HAVE_MEMORY_H 1
| #define HAVE_STRINGS_H 1
| #define HAVE_INTTYPES_H 1
| #define HAVE_STDINT_H 1
| #define HAVE_UNISTD_H 1
| #define HAVE_DLFCN_H 1
| #define LT_OBJDIR ".libs/"
| /* end confdefs.h.  */
| #include <stdio.h>
| #ifdef HAVE_SYS_TYPES_H
| # include <sys/types.h>
| #endif
| #ifdef HAVE_SYS_STAT_H
| # include <sys/stat.h>
| #endif
| #ifdef STDC_HEADERS
| # include <stdlib.h>
| # include <stddef.h>
| #else
| # ifdef HAVE_STDLIB_H
| #  include <stdlib.h>
| # endif
| #endif
| #ifdef HAVE_STRING_H
| # if !defined STDC_HEADERS && defined HAVE_MEMORY_H
| #  include <memory.h>
| # endif
| # include <string.h>
| #endif
| #ifdef HAVE_STRINGS_H
| # include <strings.h>
| #endif
| #ifdef HAVE_INTTYPES_H
| # include <inttypes.h>
| #endif
| #ifdef HAVE_STDINT_H
| # include <stdint.h>
| #endif
| #ifdef HAVE_UNISTD_H
| # include <unistd.h>
| #endif
| int
| main ()
| {
| static int test_array [1 - 2 * !(((long int) (sizeof (size_t))) <= 0)];
| test_array [0] = 0;
| return test_array [0];
| 
|   ;
|   return 0;
| }
configure:16502: xcrun -sdk appletvsimulator clang -arch x86_64 -c -mtvos-version-min=9.0 -fembed-bitcode  conftest.c >&5
conftest.c:59:24: error: 'test_array' declared as an array with a negative size
static int test_array [1 - 2 * !(((long int) (sizeof (size_t))) <= 1)];
                       ^~~~~~~~~~~~~~~~~~~~~~~~~~~~~~~~~~~~~~~~~~~~~~
1 error generated.
configure:16502: $? = 1
configure: failed program was:
| /* confdefs.h */
| #define PACKAGE_NAME "libffi"
| #define PACKAGE_TARNAME "libffi"
| #define PACKAGE_VERSION "3.4.2"
| #define PACKAGE_STRING "libffi 3.4.2"
| #define PACKAGE_BUGREPORT "http://github.com/libffi/libffi/issues"
| #define PACKAGE_URL ""
| #define PACKAGE "libffi"
| #define VERSION "3.4.2"
| #define STDC_HEADERS 1
| #define HAVE_SYS_TYPES_H 1
| #define HAVE_SYS_STAT_H 1
| #define HAVE_STDLIB_H 1
| #define HAVE_STRING_H 1
| #define HAVE_MEMORY_H 1
| #define HAVE_STRINGS_H 1
| #define HAVE_INTTYPES_H 1
| #define HAVE_STDINT_H 1
| #define HAVE_UNISTD_H 1
| #define HAVE_DLFCN_H 1
| #define LT_OBJDIR ".libs/"
| /* end confdefs.h.  */
| #include <stdio.h>
| #ifdef HAVE_SYS_TYPES_H
| # include <sys/types.h>
| #endif
| #ifdef HAVE_SYS_STAT_H
| # include <sys/stat.h>
| #endif
| #ifdef STDC_HEADERS
| # include <stdlib.h>
| # include <stddef.h>
| #else
| # ifdef HAVE_STDLIB_H
| #  include <stdlib.h>
| # endif
| #endif
| #ifdef HAVE_STRING_H
| # if !defined STDC_HEADERS && defined HAVE_MEMORY_H
| #  include <memory.h>
| # endif
| # include <string.h>
| #endif
| #ifdef HAVE_STRINGS_H
| # include <strings.h>
| #endif
| #ifdef HAVE_INTTYPES_H
| # include <inttypes.h>
| #endif
| #ifdef HAVE_STDINT_H
| # include <stdint.h>
| #endif
| #ifdef HAVE_UNISTD_H
| # include <unistd.h>
| #endif
| int
| main ()
| {
| static int test_array [1 - 2 * !(((long int) (sizeof (size_t))) <= 1)];
| test_array [0] = 0;
| return test_array [0];
| 
|   ;
|   return 0;
| }
configure:16502: xcrun -sdk appletvsimulator clang -arch x86_64 -c -mtvos-version-min=9.0 -fembed-bitcode  conftest.c >&5
conftest.c:59:24: error: 'test_array' declared as an array with a negative size
static int test_array [1 - 2 * !(((long int) (sizeof (size_t))) <= 3)];
                       ^~~~~~~~~~~~~~~~~~~~~~~~~~~~~~~~~~~~~~~~~~~~~~
1 error generated.
configure:16502: $? = 1
configure: failed program was:
| /* confdefs.h */
| #define PACKAGE_NAME "libffi"
| #define PACKAGE_TARNAME "libffi"
| #define PACKAGE_VERSION "3.4.2"
| #define PACKAGE_STRING "libffi 3.4.2"
| #define PACKAGE_BUGREPORT "http://github.com/libffi/libffi/issues"
| #define PACKAGE_URL ""
| #define PACKAGE "libffi"
| #define VERSION "3.4.2"
| #define STDC_HEADERS 1
| #define HAVE_SYS_TYPES_H 1
| #define HAVE_SYS_STAT_H 1
| #define HAVE_STDLIB_H 1
| #define HAVE_STRING_H 1
| #define HAVE_MEMORY_H 1
| #define HAVE_STRINGS_H 1
| #define HAVE_INTTYPES_H 1
| #define HAVE_STDINT_H 1
| #define HAVE_UNISTD_H 1
| #define HAVE_DLFCN_H 1
| #define LT_OBJDIR ".libs/"
| /* end confdefs.h.  */
| #include <stdio.h>
| #ifdef HAVE_SYS_TYPES_H
| # include <sys/types.h>
| #endif
| #ifdef HAVE_SYS_STAT_H
| # include <sys/stat.h>
| #endif
| #ifdef STDC_HEADERS
| # include <stdlib.h>
| # include <stddef.h>
| #else
| # ifdef HAVE_STDLIB_H
| #  include <stdlib.h>
| # endif
| #endif
| #ifdef HAVE_STRING_H
| # if !defined STDC_HEADERS && defined HAVE_MEMORY_H
| #  include <memory.h>
| # endif
| # include <string.h>
| #endif
| #ifdef HAVE_STRINGS_H
| # include <strings.h>
| #endif
| #ifdef HAVE_INTTYPES_H
| # include <inttypes.h>
| #endif
| #ifdef HAVE_STDINT_H
| # include <stdint.h>
| #endif
| #ifdef HAVE_UNISTD_H
| # include <unistd.h>
| #endif
| int
| main ()
| {
| static int test_array [1 - 2 * !(((long int) (sizeof (size_t))) <= 3)];
| test_array [0] = 0;
| return test_array [0];
| 
|   ;
|   return 0;
| }
configure:16502: xcrun -sdk appletvsimulator clang -arch x86_64 -c -mtvos-version-min=9.0 -fembed-bitcode  conftest.c >&5
conftest.c:59:24: error: 'test_array' declared as an array with a negative size
static int test_array [1 - 2 * !(((long int) (sizeof (size_t))) <= 7)];
                       ^~~~~~~~~~~~~~~~~~~~~~~~~~~~~~~~~~~~~~~~~~~~~~
1 error generated.
configure:16502: $? = 1
configure: failed program was:
| /* confdefs.h */
| #define PACKAGE_NAME "libffi"
| #define PACKAGE_TARNAME "libffi"
| #define PACKAGE_VERSION "3.4.2"
| #define PACKAGE_STRING "libffi 3.4.2"
| #define PACKAGE_BUGREPORT "http://github.com/libffi/libffi/issues"
| #define PACKAGE_URL ""
| #define PACKAGE "libffi"
| #define VERSION "3.4.2"
| #define STDC_HEADERS 1
| #define HAVE_SYS_TYPES_H 1
| #define HAVE_SYS_STAT_H 1
| #define HAVE_STDLIB_H 1
| #define HAVE_STRING_H 1
| #define HAVE_MEMORY_H 1
| #define HAVE_STRINGS_H 1
| #define HAVE_INTTYPES_H 1
| #define HAVE_STDINT_H 1
| #define HAVE_UNISTD_H 1
| #define HAVE_DLFCN_H 1
| #define LT_OBJDIR ".libs/"
| /* end confdefs.h.  */
| #include <stdio.h>
| #ifdef HAVE_SYS_TYPES_H
| # include <sys/types.h>
| #endif
| #ifdef HAVE_SYS_STAT_H
| # include <sys/stat.h>
| #endif
| #ifdef STDC_HEADERS
| # include <stdlib.h>
| # include <stddef.h>
| #else
| # ifdef HAVE_STDLIB_H
| #  include <stdlib.h>
| # endif
| #endif
| #ifdef HAVE_STRING_H
| # if !defined STDC_HEADERS && defined HAVE_MEMORY_H
| #  include <memory.h>
| # endif
| # include <string.h>
| #endif
| #ifdef HAVE_STRINGS_H
| # include <strings.h>
| #endif
| #ifdef HAVE_INTTYPES_H
| # include <inttypes.h>
| #endif
| #ifdef HAVE_STDINT_H
| # include <stdint.h>
| #endif
| #ifdef HAVE_UNISTD_H
| # include <unistd.h>
| #endif
| int
| main ()
| {
| static int test_array [1 - 2 * !(((long int) (sizeof (size_t))) <= 7)];
| test_array [0] = 0;
| return test_array [0];
| 
|   ;
|   return 0;
| }
configure:16502: xcrun -sdk appletvsimulator clang -arch x86_64 -c -mtvos-version-min=9.0 -fembed-bitcode  conftest.c >&5
configure:16502: $? = 0
configure:16502: xcrun -sdk appletvsimulator clang -arch x86_64 -c -mtvos-version-min=9.0 -fembed-bitcode  conftest.c >&5
configure:16502: $? = 0
configure:16502: xcrun -sdk appletvsimulator clang -arch x86_64 -c -mtvos-version-min=9.0 -fembed-bitcode  conftest.c >&5
configure:16502: $? = 0
configure:16502: xcrun -sdk appletvsimulator clang -arch x86_64 -c -mtvos-version-min=9.0 -fembed-bitcode  conftest.c >&5
configure:16502: $? = 0
configure:16516: result: 8
configure:16527: checking for C compiler vendor
configure:16575: xcrun -sdk appletvsimulator clang -arch x86_64 -c -mtvos-version-min=9.0 -fembed-bitcode  conftest.c >&5
conftest.c:30:9: error: use of undeclared identifier 'thisisanerror'
        thisisanerror;
        ^
1 error generated.
configure:16575: $? = 1
configure: failed program was:
| /* confdefs.h */
| #define PACKAGE_NAME "libffi"
| #define PACKAGE_TARNAME "libffi"
| #define PACKAGE_VERSION "3.4.2"
| #define PACKAGE_STRING "libffi 3.4.2"
| #define PACKAGE_BUGREPORT "http://github.com/libffi/libffi/issues"
| #define PACKAGE_URL ""
| #define PACKAGE "libffi"
| #define VERSION "3.4.2"
| #define STDC_HEADERS 1
| #define HAVE_SYS_TYPES_H 1
| #define HAVE_SYS_STAT_H 1
| #define HAVE_STDLIB_H 1
| #define HAVE_STRING_H 1
| #define HAVE_MEMORY_H 1
| #define HAVE_STRINGS_H 1
| #define HAVE_INTTYPES_H 1
| #define HAVE_STDINT_H 1
| #define HAVE_UNISTD_H 1
| #define HAVE_DLFCN_H 1
| #define LT_OBJDIR ".libs/"
| #define SIZEOF_SIZE_T 8
| /* end confdefs.h.  */
| 
| int
| main ()
| {
| 
|       #if !(defined(__ICC) || defined(__ECC) || defined(__INTEL_COMPILER))
|         thisisanerror;
|       #endif
| 
|   ;
|   return 0;
| }
configure:16575: xcrun -sdk appletvsimulator clang -arch x86_64 -c -mtvos-version-min=9.0 -fembed-bitcode  conftest.c >&5
conftest.c:30:9: error: use of undeclared identifier 'thisisanerror'
        thisisanerror;
        ^
1 error generated.
configure:16575: $? = 1
configure: failed program was:
| /* confdefs.h */
| #define PACKAGE_NAME "libffi"
| #define PACKAGE_TARNAME "libffi"
| #define PACKAGE_VERSION "3.4.2"
| #define PACKAGE_STRING "libffi 3.4.2"
| #define PACKAGE_BUGREPORT "http://github.com/libffi/libffi/issues"
| #define PACKAGE_URL ""
| #define PACKAGE "libffi"
| #define VERSION "3.4.2"
| #define STDC_HEADERS 1
| #define HAVE_SYS_TYPES_H 1
| #define HAVE_SYS_STAT_H 1
| #define HAVE_STDLIB_H 1
| #define HAVE_STRING_H 1
| #define HAVE_MEMORY_H 1
| #define HAVE_STRINGS_H 1
| #define HAVE_INTTYPES_H 1
| #define HAVE_STDINT_H 1
| #define HAVE_UNISTD_H 1
| #define HAVE_DLFCN_H 1
| #define LT_OBJDIR ".libs/"
| #define SIZEOF_SIZE_T 8
| /* end confdefs.h.  */
| 
| int
| main ()
| {
| 
|       #if !(defined(__xlc__) || defined(__xlC__) || defined(__IBMC__) || defined(__IBMCPP__))
|         thisisanerror;
|       #endif
| 
|   ;
|   return 0;
| }
configure:16575: xcrun -sdk appletvsimulator clang -arch x86_64 -c -mtvos-version-min=9.0 -fembed-bitcode  conftest.c >&5
conftest.c:30:9: error: use of undeclared identifier 'thisisanerror'
        thisisanerror;
        ^
1 error generated.
configure:16575: $? = 1
configure: failed program was:
| /* confdefs.h */
| #define PACKAGE_NAME "libffi"
| #define PACKAGE_TARNAME "libffi"
| #define PACKAGE_VERSION "3.4.2"
| #define PACKAGE_STRING "libffi 3.4.2"
| #define PACKAGE_BUGREPORT "http://github.com/libffi/libffi/issues"
| #define PACKAGE_URL ""
| #define PACKAGE "libffi"
| #define VERSION "3.4.2"
| #define STDC_HEADERS 1
| #define HAVE_SYS_TYPES_H 1
| #define HAVE_SYS_STAT_H 1
| #define HAVE_STDLIB_H 1
| #define HAVE_STRING_H 1
| #define HAVE_MEMORY_H 1
| #define HAVE_STRINGS_H 1
| #define HAVE_INTTYPES_H 1
| #define HAVE_STDINT_H 1
| #define HAVE_UNISTD_H 1
| #define HAVE_DLFCN_H 1
| #define LT_OBJDIR ".libs/"
| #define SIZEOF_SIZE_T 8
| /* end confdefs.h.  */
| 
| int
| main ()
| {
| 
|       #if !(defined(__PATHCC__) || defined(__PATHSCALE__))
|         thisisanerror;
|       #endif
| 
|   ;
|   return 0;
| }
configure:16575: xcrun -sdk appletvsimulator clang -arch x86_64 -c -mtvos-version-min=9.0 -fembed-bitcode  conftest.c >&5
configure:16575: $? = 0
configure:16583: result: clang
configure:17426: checking CFLAGS for maximum warnings
configure:17446: xcrun -sdk appletvsimulator clang -arch x86_64 -c -mtvos-version-min=9.0 -fembed-bitcode -warn all  -warn all  conftest.c >&5
clang: error: unknown argument: '-warn'
clang: error: unknown argument: '-warn'
clang: error: no such file or directory: 'all'
clang: error: no such file or directory: 'all'
configure:17446: $? = 1
configure: failed program was:
| /* confdefs.h */
| #define PACKAGE_NAME "libffi"
| #define PACKAGE_TARNAME "libffi"
| #define PACKAGE_VERSION "3.4.2"
| #define PACKAGE_STRING "libffi 3.4.2"
| #define PACKAGE_BUGREPORT "http://github.com/libffi/libffi/issues"
| #define PACKAGE_URL ""
| #define PACKAGE "libffi"
| #define VERSION "3.4.2"
| #define STDC_HEADERS 1
| #define HAVE_SYS_TYPES_H 1
| #define HAVE_SYS_STAT_H 1
| #define HAVE_STDLIB_H 1
| #define HAVE_STRING_H 1
| #define HAVE_MEMORY_H 1
| #define HAVE_STRINGS_H 1
| #define HAVE_INTTYPES_H 1
| #define HAVE_STDINT_H 1
| #define HAVE_UNISTD_H 1
| #define HAVE_DLFCN_H 1
| #define LT_OBJDIR ".libs/"
| #define SIZEOF_SIZE_T 8
| /* end confdefs.h.  */
| 
| int
| main ()
| {
| 
|   ;
|   return 0;
| }
configure:17446: xcrun -sdk appletvsimulator clang -arch x86_64 -c -mtvos-version-min=9.0 -fembed-bitcode -pedantic  -Wall  conftest.c >&5
configure:17446: $? = 0
configure:17454: result: -Wall
configure:17474: : CFLAGS="$CFLAGS"
configure:17477: $? = 0
configure:17515: checking whether to enable maintainer-specific portions of Makefiles
configure:17524: result: no
configure:17540: checking sys/memfd.h usability
configure:17540: xcrun -sdk appletvsimulator clang -arch x86_64 -c -mtvos-version-min=9.0 -fembed-bitcode -Wall -fexceptions  conftest.c >&5
conftest.c:57:10: fatal error: 'sys/memfd.h' file not found
#include <sys/memfd.h>
         ^~~~~~~~~~~~~
1 error generated.
configure:17540: $? = 1
configure: failed program was:
| /* confdefs.h */
| #define PACKAGE_NAME "libffi"
| #define PACKAGE_TARNAME "libffi"
| #define PACKAGE_VERSION "3.4.2"
| #define PACKAGE_STRING "libffi 3.4.2"
| #define PACKAGE_BUGREPORT "http://github.com/libffi/libffi/issues"
| #define PACKAGE_URL ""
| #define PACKAGE "libffi"
| #define VERSION "3.4.2"
| #define STDC_HEADERS 1
| #define HAVE_SYS_TYPES_H 1
| #define HAVE_SYS_STAT_H 1
| #define HAVE_STDLIB_H 1
| #define HAVE_STRING_H 1
| #define HAVE_MEMORY_H 1
| #define HAVE_STRINGS_H 1
| #define HAVE_INTTYPES_H 1
| #define HAVE_STDINT_H 1
| #define HAVE_UNISTD_H 1
| #define HAVE_DLFCN_H 1
| #define LT_OBJDIR ".libs/"
| #define SIZEOF_SIZE_T 8
| /* end confdefs.h.  */
| #include <stdio.h>
| #ifdef HAVE_SYS_TYPES_H
| # include <sys/types.h>
| #endif
| #ifdef HAVE_SYS_STAT_H
| # include <sys/stat.h>
| #endif
| #ifdef STDC_HEADERS
| # include <stdlib.h>
| # include <stddef.h>
| #else
| # ifdef HAVE_STDLIB_H
| #  include <stdlib.h>
| # endif
| #endif
| #ifdef HAVE_STRING_H
| # if !defined STDC_HEADERS && defined HAVE_MEMORY_H
| #  include <memory.h>
| # endif
| # include <string.h>
| #endif
| #ifdef HAVE_STRINGS_H
| # include <strings.h>
| #endif
| #ifdef HAVE_INTTYPES_H
| # include <inttypes.h>
| #endif
| #ifdef HAVE_STDINT_H
| # include <stdint.h>
| #endif
| #ifdef HAVE_UNISTD_H
| # include <unistd.h>
| #endif
| #include <sys/memfd.h>
configure:17540: result: no
configure:17540: checking sys/memfd.h presence
configure:17540: xcrun -sdk appletvsimulator clang -arch x86_64 -E  conftest.c
conftest.c:24:10: fatal error: 'sys/memfd.h' file not found
#include <sys/memfd.h>
         ^~~~~~~~~~~~~
1 error generated.
configure:17540: $? = 1
configure: failed program was:
| /* confdefs.h */
| #define PACKAGE_NAME "libffi"
| #define PACKAGE_TARNAME "libffi"
| #define PACKAGE_VERSION "3.4.2"
| #define PACKAGE_STRING "libffi 3.4.2"
| #define PACKAGE_BUGREPORT "http://github.com/libffi/libffi/issues"
| #define PACKAGE_URL ""
| #define PACKAGE "libffi"
| #define VERSION "3.4.2"
| #define STDC_HEADERS 1
| #define HAVE_SYS_TYPES_H 1
| #define HAVE_SYS_STAT_H 1
| #define HAVE_STDLIB_H 1
| #define HAVE_STRING_H 1
| #define HAVE_MEMORY_H 1
| #define HAVE_STRINGS_H 1
| #define HAVE_INTTYPES_H 1
| #define HAVE_STDINT_H 1
| #define HAVE_UNISTD_H 1
| #define HAVE_DLFCN_H 1
| #define LT_OBJDIR ".libs/"
| #define SIZEOF_SIZE_T 8
| /* end confdefs.h.  */
| #include <sys/memfd.h>
configure:17540: result: no
configure:17540: checking for sys/memfd.h
configure:17540: result: no
configure:17552: checking for memfd_create
configure:17552: xcrun -sdk appletvsimulator clang -arch x86_64 -o conftest -mtvos-version-min=9.0 -fembed-bitcode -Wall -fexceptions   conftest.c  >&5
Undefined symbols for architecture x86_64:
  "_memfd_create", referenced from:
      _main in conftest-b9846f.o
ld: symbol(s) not found for architecture x86_64
clang: error: linker command failed with exit code 1 (use -v to see invocation)
configure:17552: $? = 1
configure: failed program was:
| /* confdefs.h */
| #define PACKAGE_NAME "libffi"
| #define PACKAGE_TARNAME "libffi"
| #define PACKAGE_VERSION "3.4.2"
| #define PACKAGE_STRING "libffi 3.4.2"
| #define PACKAGE_BUGREPORT "http://github.com/libffi/libffi/issues"
| #define PACKAGE_URL ""
| #define PACKAGE "libffi"
| #define VERSION "3.4.2"
| #define STDC_HEADERS 1
| #define HAVE_SYS_TYPES_H 1
| #define HAVE_SYS_STAT_H 1
| #define HAVE_STDLIB_H 1
| #define HAVE_STRING_H 1
| #define HAVE_MEMORY_H 1
| #define HAVE_STRINGS_H 1
| #define HAVE_INTTYPES_H 1
| #define HAVE_STDINT_H 1
| #define HAVE_UNISTD_H 1
| #define HAVE_DLFCN_H 1
| #define LT_OBJDIR ".libs/"
| #define SIZEOF_SIZE_T 8
| /* end confdefs.h.  */
| /* Define memfd_create to an innocuous variant, in case <limits.h> declares memfd_create.
|    For example, HP-UX 11i <limits.h> declares gettimeofday.  */
| #define memfd_create innocuous_memfd_create
| 
| /* System header to define __stub macros and hopefully few prototypes,
|     which can conflict with char memfd_create (); below.
|     Prefer <limits.h> to <assert.h> if __STDC__ is defined, since
|     <limits.h> exists even on freestanding compilers.  */
| 
| #ifdef __STDC__
| # include <limits.h>
| #else
| # include <assert.h>
| #endif
| 
| #undef memfd_create
| 
| /* Override any GCC internal prototype to avoid an error.
|    Use char because int might match the return type of a GCC
|    builtin and then its argument prototype would still apply.  */
| #ifdef __cplusplus
| extern "C"
| #endif
| char memfd_create ();
| /* The GNU C library defines this for functions which it implements
|     to always fail with ENOSYS.  Some functions are actually named
|     something starting with __ and the normal name is an alias.  */
| #if defined __stub_memfd_create || defined __stub___memfd_create
| choke me
| #endif
| 
| int
| main ()
| {
| return memfd_create ();
|   ;
|   return 0;
| }
configure:17552: result: no
configure:17564: checking sys/mman.h usability
configure:17564: xcrun -sdk appletvsimulator clang -arch x86_64 -c -mtvos-version-min=9.0 -fembed-bitcode -Wall -fexceptions  conftest.c >&5
configure:17564: $? = 0
configure:17564: result: yes
configure:17564: checking sys/mman.h presence
configure:17564: xcrun -sdk appletvsimulator clang -arch x86_64 -E  conftest.c
configure:17564: $? = 0
configure:17564: result: yes
configure:17564: checking for sys/mman.h
configure:17564: result: yes
configure:17577: checking for mmap
configure:17577: xcrun -sdk appletvsimulator clang -arch x86_64 -o conftest -mtvos-version-min=9.0 -fembed-bitcode -Wall -fexceptions   conftest.c  >&5
configure:17577: $? = 0
configure:17577: result: yes
configure:17577: checking for mkostemp
configure:17577: xcrun -sdk appletvsimulator clang -arch x86_64 -o conftest -mtvos-version-min=9.0 -fembed-bitcode -Wall -fexceptions   conftest.c  >&5
configure:17577: $? = 0
configure:17577: result: yes
configure:17577: checking for mkstemp
configure:17577: xcrun -sdk appletvsimulator clang -arch x86_64 -o conftest -mtvos-version-min=9.0 -fembed-bitcode -Wall -fexceptions   conftest.c  >&5
configure:17577: $? = 0
configure:17577: result: yes
configure:17587: checking for sys/mman.h
configure:17587: result: yes
configure:17595: checking for mmap
configure:17595: result: yes
configure:17608: checking whether read-only mmap of a plain file works
configure:17625: result: yes
configure:17627: checking whether mmap from /dev/zero works
configure:17649: result: no
configure:17653: checking for MAP_ANON(YMOUS)
configure:17676: xcrun -sdk appletvsimulator clang -arch x86_64 -c -mtvos-version-min=9.0 -fembed-bitcode -Wall -fexceptions  conftest.c >&5
conftest.c:39:5: warning: unused variable 'n' [-Wunused-variable]
int n = MAP_ANONYMOUS;
    ^
1 warning generated.
configure:17676: $? = 0
configure:17683: result: yes
configure:17689: checking whether mmap with MAP_ANON(YMOUS) works
configure:17706: result: yes
configure:17749: checking for ANSI C header files
configure:17853: result: yes
configure:17863: checking for memcpy
configure:17863: xcrun -sdk appletvsimulator clang -arch x86_64 -o conftest -mtvos-version-min=9.0 -fembed-bitcode -Wall -fexceptions   conftest.c  >&5
conftest.c:54:6: warning: incompatible redeclaration of library function 'memcpy' [-Wincompatible-library-redeclaration]
char memcpy ();
     ^
conftest.c:54:6: note: 'memcpy' is a builtin with type 'void *(void *, const void *, unsigned long)'
1 warning generated.
configure:17863: $? = 0
configure:17863: result: yes
configure:17872: checking for size_t
configure:17872: xcrun -sdk appletvsimulator clang -arch x86_64 -c -mtvos-version-min=9.0 -fembed-bitcode -Wall -fexceptions  conftest.c >&5
configure:17872: $? = 0
configure:17872: xcrun -sdk appletvsimulator clang -arch x86_64 -c -mtvos-version-min=9.0 -fembed-bitcode -Wall -fexceptions  conftest.c >&5
conftest.c:68:21: error: expected expression
if (sizeof ((size_t)))
                    ^
1 error generated.
configure:17872: $? = 1
configure: failed program was:
| /* confdefs.h */
| #define PACKAGE_NAME "libffi"
| #define PACKAGE_TARNAME "libffi"
| #define PACKAGE_VERSION "3.4.2"
| #define PACKAGE_STRING "libffi 3.4.2"
| #define PACKAGE_BUGREPORT "http://github.com/libffi/libffi/issues"
| #define PACKAGE_URL ""
| #define PACKAGE "libffi"
| #define VERSION "3.4.2"
| #define STDC_HEADERS 1
| #define HAVE_SYS_TYPES_H 1
| #define HAVE_SYS_STAT_H 1
| #define HAVE_STDLIB_H 1
| #define HAVE_STRING_H 1
| #define HAVE_MEMORY_H 1
| #define HAVE_STRINGS_H 1
| #define HAVE_INTTYPES_H 1
| #define HAVE_STDINT_H 1
| #define HAVE_UNISTD_H 1
| #define HAVE_DLFCN_H 1
| #define LT_OBJDIR ".libs/"
| #define SIZEOF_SIZE_T 8
| #define HAVE_SYS_MMAN_H 1
| #define HAVE_MMAP 1
| #define HAVE_MKOSTEMP 1
| #define HAVE_MKSTEMP 1
| #define HAVE_MMAP_FILE 1
| #define HAVE_MMAP_ANON 1
| #define STDC_HEADERS 1
| #define HAVE_MEMCPY 1
| /* end confdefs.h.  */
| #include <stdio.h>
| #ifdef HAVE_SYS_TYPES_H
| # include <sys/types.h>
| #endif
| #ifdef HAVE_SYS_STAT_H
| # include <sys/stat.h>
| #endif
| #ifdef STDC_HEADERS
| # include <stdlib.h>
| # include <stddef.h>
| #else
| # ifdef HAVE_STDLIB_H
| #  include <stdlib.h>
| # endif
| #endif
| #ifdef HAVE_STRING_H
| # if !defined STDC_HEADERS && defined HAVE_MEMORY_H
| #  include <memory.h>
| # endif
| # include <string.h>
| #endif
| #ifdef HAVE_STRINGS_H
| # include <strings.h>
| #endif
| #ifdef HAVE_INTTYPES_H
| # include <inttypes.h>
| #endif
| #ifdef HAVE_STDINT_H
| # include <stdint.h>
| #endif
| #ifdef HAVE_UNISTD_H
| # include <unistd.h>
| #endif
| int
| main ()
| {
| if (sizeof ((size_t)))
| 	    return 0;
|   ;
|   return 0;
| }
configure:17872: result: yes
configure:17885: checking for working alloca.h
configure:17902: xcrun -sdk appletvsimulator clang -arch x86_64 -o conftest -mtvos-version-min=9.0 -fembed-bitcode -Wall -fexceptions   conftest.c  >&5
configure:17902: $? = 0
configure:17910: result: yes
configure:17918: checking for alloca
configure:17955: xcrun -sdk appletvsimulator clang -arch x86_64 -o conftest -mtvos-version-min=9.0 -fembed-bitcode -Wall -fexceptions   conftest.c  >&5
configure:17955: $? = 0
configure:17963: result: yes
configure:18074: checking size of double
configure:18079: xcrun -sdk appletvsimulator clang -arch x86_64 -c -mtvos-version-min=9.0 -fembed-bitcode -Wall -fexceptions  conftest.c >&5
configure:18079: $? = 0
configure:18079: xcrun -sdk appletvsimulator clang -arch x86_64 -c -mtvos-version-min=9.0 -fembed-bitcode -Wall -fexceptions  conftest.c >&5
conftest.c:70:24: error: 'test_array' declared as an array with a negative size
static int test_array [1 - 2 * !(((long int) (sizeof (double))) <= 0)];
                       ^~~~~~~~~~~~~~~~~~~~~~~~~~~~~~~~~~~~~~~~~~~~~~
1 error generated.
configure:18079: $? = 1
configure: failed program was:
| /* confdefs.h */
| #define PACKAGE_NAME "libffi"
| #define PACKAGE_TARNAME "libffi"
| #define PACKAGE_VERSION "3.4.2"
| #define PACKAGE_STRING "libffi 3.4.2"
| #define PACKAGE_BUGREPORT "http://github.com/libffi/libffi/issues"
| #define PACKAGE_URL ""
| #define PACKAGE "libffi"
| #define VERSION "3.4.2"
| #define STDC_HEADERS 1
| #define HAVE_SYS_TYPES_H 1
| #define HAVE_SYS_STAT_H 1
| #define HAVE_STDLIB_H 1
| #define HAVE_STRING_H 1
| #define HAVE_MEMORY_H 1
| #define HAVE_STRINGS_H 1
| #define HAVE_INTTYPES_H 1
| #define HAVE_STDINT_H 1
| #define HAVE_UNISTD_H 1
| #define HAVE_DLFCN_H 1
| #define LT_OBJDIR ".libs/"
| #define SIZEOF_SIZE_T 8
| #define HAVE_SYS_MMAN_H 1
| #define HAVE_MMAP 1
| #define HAVE_MKOSTEMP 1
| #define HAVE_MKSTEMP 1
| #define HAVE_MMAP_FILE 1
| #define HAVE_MMAP_ANON 1
| #define STDC_HEADERS 1
| #define HAVE_MEMCPY 1
| #define HAVE_ALLOCA_H 1
| #define HAVE_ALLOCA 1
| /* end confdefs.h.  */
| #include <stdio.h>
| #ifdef HAVE_SYS_TYPES_H
| # include <sys/types.h>
| #endif
| #ifdef HAVE_SYS_STAT_H
| # include <sys/stat.h>
| #endif
| #ifdef STDC_HEADERS
| # include <stdlib.h>
| # include <stddef.h>
| #else
| # ifdef HAVE_STDLIB_H
| #  include <stdlib.h>
| # endif
| #endif
| #ifdef HAVE_STRING_H
| # if !defined STDC_HEADERS && defined HAVE_MEMORY_H
| #  include <memory.h>
| # endif
| # include <string.h>
| #endif
| #ifdef HAVE_STRINGS_H
| # include <strings.h>
| #endif
| #ifdef HAVE_INTTYPES_H
| # include <inttypes.h>
| #endif
| #ifdef HAVE_STDINT_H
| # include <stdint.h>
| #endif
| #ifdef HAVE_UNISTD_H
| # include <unistd.h>
| #endif
| int
| main ()
| {
| static int test_array [1 - 2 * !(((long int) (sizeof (double))) <= 0)];
| test_array [0] = 0;
| return test_array [0];
| 
|   ;
|   return 0;
| }
configure:18079: xcrun -sdk appletvsimulator clang -arch x86_64 -c -mtvos-version-min=9.0 -fembed-bitcode -Wall -fexceptions  conftest.c >&5
conftest.c:70:24: error: 'test_array' declared as an array with a negative size
static int test_array [1 - 2 * !(((long int) (sizeof (double))) <= 1)];
                       ^~~~~~~~~~~~~~~~~~~~~~~~~~~~~~~~~~~~~~~~~~~~~~
1 error generated.
configure:18079: $? = 1
configure: failed program was:
| /* confdefs.h */
| #define PACKAGE_NAME "libffi"
| #define PACKAGE_TARNAME "libffi"
| #define PACKAGE_VERSION "3.4.2"
| #define PACKAGE_STRING "libffi 3.4.2"
| #define PACKAGE_BUGREPORT "http://github.com/libffi/libffi/issues"
| #define PACKAGE_URL ""
| #define PACKAGE "libffi"
| #define VERSION "3.4.2"
| #define STDC_HEADERS 1
| #define HAVE_SYS_TYPES_H 1
| #define HAVE_SYS_STAT_H 1
| #define HAVE_STDLIB_H 1
| #define HAVE_STRING_H 1
| #define HAVE_MEMORY_H 1
| #define HAVE_STRINGS_H 1
| #define HAVE_INTTYPES_H 1
| #define HAVE_STDINT_H 1
| #define HAVE_UNISTD_H 1
| #define HAVE_DLFCN_H 1
| #define LT_OBJDIR ".libs/"
| #define SIZEOF_SIZE_T 8
| #define HAVE_SYS_MMAN_H 1
| #define HAVE_MMAP 1
| #define HAVE_MKOSTEMP 1
| #define HAVE_MKSTEMP 1
| #define HAVE_MMAP_FILE 1
| #define HAVE_MMAP_ANON 1
| #define STDC_HEADERS 1
| #define HAVE_MEMCPY 1
| #define HAVE_ALLOCA_H 1
| #define HAVE_ALLOCA 1
| /* end confdefs.h.  */
| #include <stdio.h>
| #ifdef HAVE_SYS_TYPES_H
| # include <sys/types.h>
| #endif
| #ifdef HAVE_SYS_STAT_H
| # include <sys/stat.h>
| #endif
| #ifdef STDC_HEADERS
| # include <stdlib.h>
| # include <stddef.h>
| #else
| # ifdef HAVE_STDLIB_H
| #  include <stdlib.h>
| # endif
| #endif
| #ifdef HAVE_STRING_H
| # if !defined STDC_HEADERS && defined HAVE_MEMORY_H
| #  include <memory.h>
| # endif
| # include <string.h>
| #endif
| #ifdef HAVE_STRINGS_H
| # include <strings.h>
| #endif
| #ifdef HAVE_INTTYPES_H
| # include <inttypes.h>
| #endif
| #ifdef HAVE_STDINT_H
| # include <stdint.h>
| #endif
| #ifdef HAVE_UNISTD_H
| # include <unistd.h>
| #endif
| int
| main ()
| {
| static int test_array [1 - 2 * !(((long int) (sizeof (double))) <= 1)];
| test_array [0] = 0;
| return test_array [0];
| 
|   ;
|   return 0;
| }
configure:18079: xcrun -sdk appletvsimulator clang -arch x86_64 -c -mtvos-version-min=9.0 -fembed-bitcode -Wall -fexceptions  conftest.c >&5
conftest.c:70:24: error: 'test_array' declared as an array with a negative size
static int test_array [1 - 2 * !(((long int) (sizeof (double))) <= 3)];
                       ^~~~~~~~~~~~~~~~~~~~~~~~~~~~~~~~~~~~~~~~~~~~~~
1 error generated.
configure:18079: $? = 1
configure: failed program was:
| /* confdefs.h */
| #define PACKAGE_NAME "libffi"
| #define PACKAGE_TARNAME "libffi"
| #define PACKAGE_VERSION "3.4.2"
| #define PACKAGE_STRING "libffi 3.4.2"
| #define PACKAGE_BUGREPORT "http://github.com/libffi/libffi/issues"
| #define PACKAGE_URL ""
| #define PACKAGE "libffi"
| #define VERSION "3.4.2"
| #define STDC_HEADERS 1
| #define HAVE_SYS_TYPES_H 1
| #define HAVE_SYS_STAT_H 1
| #define HAVE_STDLIB_H 1
| #define HAVE_STRING_H 1
| #define HAVE_MEMORY_H 1
| #define HAVE_STRINGS_H 1
| #define HAVE_INTTYPES_H 1
| #define HAVE_STDINT_H 1
| #define HAVE_UNISTD_H 1
| #define HAVE_DLFCN_H 1
| #define LT_OBJDIR ".libs/"
| #define SIZEOF_SIZE_T 8
| #define HAVE_SYS_MMAN_H 1
| #define HAVE_MMAP 1
| #define HAVE_MKOSTEMP 1
| #define HAVE_MKSTEMP 1
| #define HAVE_MMAP_FILE 1
| #define HAVE_MMAP_ANON 1
| #define STDC_HEADERS 1
| #define HAVE_MEMCPY 1
| #define HAVE_ALLOCA_H 1
| #define HAVE_ALLOCA 1
| /* end confdefs.h.  */
| #include <stdio.h>
| #ifdef HAVE_SYS_TYPES_H
| # include <sys/types.h>
| #endif
| #ifdef HAVE_SYS_STAT_H
| # include <sys/stat.h>
| #endif
| #ifdef STDC_HEADERS
| # include <stdlib.h>
| # include <stddef.h>
| #else
| # ifdef HAVE_STDLIB_H
| #  include <stdlib.h>
| # endif
| #endif
| #ifdef HAVE_STRING_H
| # if !defined STDC_HEADERS && defined HAVE_MEMORY_H
| #  include <memory.h>
| # endif
| # include <string.h>
| #endif
| #ifdef HAVE_STRINGS_H
| # include <strings.h>
| #endif
| #ifdef HAVE_INTTYPES_H
| # include <inttypes.h>
| #endif
| #ifdef HAVE_STDINT_H
| # include <stdint.h>
| #endif
| #ifdef HAVE_UNISTD_H
| # include <unistd.h>
| #endif
| int
| main ()
| {
| static int test_array [1 - 2 * !(((long int) (sizeof (double))) <= 3)];
| test_array [0] = 0;
| return test_array [0];
| 
|   ;
|   return 0;
| }
configure:18079: xcrun -sdk appletvsimulator clang -arch x86_64 -c -mtvos-version-min=9.0 -fembed-bitcode -Wall -fexceptions  conftest.c >&5
conftest.c:70:24: error: 'test_array' declared as an array with a negative size
static int test_array [1 - 2 * !(((long int) (sizeof (double))) <= 7)];
                       ^~~~~~~~~~~~~~~~~~~~~~~~~~~~~~~~~~~~~~~~~~~~~~
1 error generated.
configure:18079: $? = 1
configure: failed program was:
| /* confdefs.h */
| #define PACKAGE_NAME "libffi"
| #define PACKAGE_TARNAME "libffi"
| #define PACKAGE_VERSION "3.4.2"
| #define PACKAGE_STRING "libffi 3.4.2"
| #define PACKAGE_BUGREPORT "http://github.com/libffi/libffi/issues"
| #define PACKAGE_URL ""
| #define PACKAGE "libffi"
| #define VERSION "3.4.2"
| #define STDC_HEADERS 1
| #define HAVE_SYS_TYPES_H 1
| #define HAVE_SYS_STAT_H 1
| #define HAVE_STDLIB_H 1
| #define HAVE_STRING_H 1
| #define HAVE_MEMORY_H 1
| #define HAVE_STRINGS_H 1
| #define HAVE_INTTYPES_H 1
| #define HAVE_STDINT_H 1
| #define HAVE_UNISTD_H 1
| #define HAVE_DLFCN_H 1
| #define LT_OBJDIR ".libs/"
| #define SIZEOF_SIZE_T 8
| #define HAVE_SYS_MMAN_H 1
| #define HAVE_MMAP 1
| #define HAVE_MKOSTEMP 1
| #define HAVE_MKSTEMP 1
| #define HAVE_MMAP_FILE 1
| #define HAVE_MMAP_ANON 1
| #define STDC_HEADERS 1
| #define HAVE_MEMCPY 1
| #define HAVE_ALLOCA_H 1
| #define HAVE_ALLOCA 1
| /* end confdefs.h.  */
| #include <stdio.h>
| #ifdef HAVE_SYS_TYPES_H
| # include <sys/types.h>
| #endif
| #ifdef HAVE_SYS_STAT_H
| # include <sys/stat.h>
| #endif
| #ifdef STDC_HEADERS
| # include <stdlib.h>
| # include <stddef.h>
| #else
| # ifdef HAVE_STDLIB_H
| #  include <stdlib.h>
| # endif
| #endif
| #ifdef HAVE_STRING_H
| # if !defined STDC_HEADERS && defined HAVE_MEMORY_H
| #  include <memory.h>
| # endif
| # include <string.h>
| #endif
| #ifdef HAVE_STRINGS_H
| # include <strings.h>
| #endif
| #ifdef HAVE_INTTYPES_H
| # include <inttypes.h>
| #endif
| #ifdef HAVE_STDINT_H
| # include <stdint.h>
| #endif
| #ifdef HAVE_UNISTD_H
| # include <unistd.h>
| #endif
| int
| main ()
| {
| static int test_array [1 - 2 * !(((long int) (sizeof (double))) <= 7)];
| test_array [0] = 0;
| return test_array [0];
| 
|   ;
|   return 0;
| }
configure:18079: xcrun -sdk appletvsimulator clang -arch x86_64 -c -mtvos-version-min=9.0 -fembed-bitcode -Wall -fexceptions  conftest.c >&5
configure:18079: $? = 0
configure:18079: xcrun -sdk appletvsimulator clang -arch x86_64 -c -mtvos-version-min=9.0 -fembed-bitcode -Wall -fexceptions  conftest.c >&5
configure:18079: $? = 0
configure:18079: xcrun -sdk appletvsimulator clang -arch x86_64 -c -mtvos-version-min=9.0 -fembed-bitcode -Wall -fexceptions  conftest.c >&5
configure:18079: $? = 0
configure:18079: xcrun -sdk appletvsimulator clang -arch x86_64 -c -mtvos-version-min=9.0 -fembed-bitcode -Wall -fexceptions  conftest.c >&5
configure:18079: $? = 0
configure:18093: result: 8
configure:18107: checking size of long double
configure:18112: xcrun -sdk appletvsimulator clang -arch x86_64 -c -mtvos-version-min=9.0 -fembed-bitcode -Wall -fexceptions  conftest.c >&5
configure:18112: $? = 0
configure:18112: xcrun -sdk appletvsimulator clang -arch x86_64 -c -mtvos-version-min=9.0 -fembed-bitcode -Wall -fexceptions  conftest.c >&5
conftest.c:71:24: error: 'test_array' declared as an array with a negative size
static int test_array [1 - 2 * !(((long int) (sizeof (long double))) <= 0)];
                       ^~~~~~~~~~~~~~~~~~~~~~~~~~~~~~~~~~~~~~~~~~~~~~~~~~~
1 error generated.
configure:18112: $? = 1
configure: failed program was:
| /* confdefs.h */
| #define PACKAGE_NAME "libffi"
| #define PACKAGE_TARNAME "libffi"
| #define PACKAGE_VERSION "3.4.2"
| #define PACKAGE_STRING "libffi 3.4.2"
| #define PACKAGE_BUGREPORT "http://github.com/libffi/libffi/issues"
| #define PACKAGE_URL ""
| #define PACKAGE "libffi"
| #define VERSION "3.4.2"
| #define STDC_HEADERS 1
| #define HAVE_SYS_TYPES_H 1
| #define HAVE_SYS_STAT_H 1
| #define HAVE_STDLIB_H 1
| #define HAVE_STRING_H 1
| #define HAVE_MEMORY_H 1
| #define HAVE_STRINGS_H 1
| #define HAVE_INTTYPES_H 1
| #define HAVE_STDINT_H 1
| #define HAVE_UNISTD_H 1
| #define HAVE_DLFCN_H 1
| #define LT_OBJDIR ".libs/"
| #define SIZEOF_SIZE_T 8
| #define HAVE_SYS_MMAN_H 1
| #define HAVE_MMAP 1
| #define HAVE_MKOSTEMP 1
| #define HAVE_MKSTEMP 1
| #define HAVE_MMAP_FILE 1
| #define HAVE_MMAP_ANON 1
| #define STDC_HEADERS 1
| #define HAVE_MEMCPY 1
| #define HAVE_ALLOCA_H 1
| #define HAVE_ALLOCA 1
| #define SIZEOF_DOUBLE 8
| /* end confdefs.h.  */
| #include <stdio.h>
| #ifdef HAVE_SYS_TYPES_H
| # include <sys/types.h>
| #endif
| #ifdef HAVE_SYS_STAT_H
| # include <sys/stat.h>
| #endif
| #ifdef STDC_HEADERS
| # include <stdlib.h>
| # include <stddef.h>
| #else
| # ifdef HAVE_STDLIB_H
| #  include <stdlib.h>
| # endif
| #endif
| #ifdef HAVE_STRING_H
| # if !defined STDC_HEADERS && defined HAVE_MEMORY_H
| #  include <memory.h>
| # endif
| # include <string.h>
| #endif
| #ifdef HAVE_STRINGS_H
| # include <strings.h>
| #endif
| #ifdef HAVE_INTTYPES_H
| # include <inttypes.h>
| #endif
| #ifdef HAVE_STDINT_H
| # include <stdint.h>
| #endif
| #ifdef HAVE_UNISTD_H
| # include <unistd.h>
| #endif
| int
| main ()
| {
| static int test_array [1 - 2 * !(((long int) (sizeof (long double))) <= 0)];
| test_array [0] = 0;
| return test_array [0];
| 
|   ;
|   return 0;
| }
configure:18112: xcrun -sdk appletvsimulator clang -arch x86_64 -c -mtvos-version-min=9.0 -fembed-bitcode -Wall -fexceptions  conftest.c >&5
conftest.c:71:24: error: 'test_array' declared as an array with a negative size
static int test_array [1 - 2 * !(((long int) (sizeof (long double))) <= 1)];
                       ^~~~~~~~~~~~~~~~~~~~~~~~~~~~~~~~~~~~~~~~~~~~~~~~~~~
1 error generated.
configure:18112: $? = 1
configure: failed program was:
| /* confdefs.h */
| #define PACKAGE_NAME "libffi"
| #define PACKAGE_TARNAME "libffi"
| #define PACKAGE_VERSION "3.4.2"
| #define PACKAGE_STRING "libffi 3.4.2"
| #define PACKAGE_BUGREPORT "http://github.com/libffi/libffi/issues"
| #define PACKAGE_URL ""
| #define PACKAGE "libffi"
| #define VERSION "3.4.2"
| #define STDC_HEADERS 1
| #define HAVE_SYS_TYPES_H 1
| #define HAVE_SYS_STAT_H 1
| #define HAVE_STDLIB_H 1
| #define HAVE_STRING_H 1
| #define HAVE_MEMORY_H 1
| #define HAVE_STRINGS_H 1
| #define HAVE_INTTYPES_H 1
| #define HAVE_STDINT_H 1
| #define HAVE_UNISTD_H 1
| #define HAVE_DLFCN_H 1
| #define LT_OBJDIR ".libs/"
| #define SIZEOF_SIZE_T 8
| #define HAVE_SYS_MMAN_H 1
| #define HAVE_MMAP 1
| #define HAVE_MKOSTEMP 1
| #define HAVE_MKSTEMP 1
| #define HAVE_MMAP_FILE 1
| #define HAVE_MMAP_ANON 1
| #define STDC_HEADERS 1
| #define HAVE_MEMCPY 1
| #define HAVE_ALLOCA_H 1
| #define HAVE_ALLOCA 1
| #define SIZEOF_DOUBLE 8
| /* end confdefs.h.  */
| #include <stdio.h>
| #ifdef HAVE_SYS_TYPES_H
| # include <sys/types.h>
| #endif
| #ifdef HAVE_SYS_STAT_H
| # include <sys/stat.h>
| #endif
| #ifdef STDC_HEADERS
| # include <stdlib.h>
| # include <stddef.h>
| #else
| # ifdef HAVE_STDLIB_H
| #  include <stdlib.h>
| # endif
| #endif
| #ifdef HAVE_STRING_H
| # if !defined STDC_HEADERS && defined HAVE_MEMORY_H
| #  include <memory.h>
| # endif
| # include <string.h>
| #endif
| #ifdef HAVE_STRINGS_H
| # include <strings.h>
| #endif
| #ifdef HAVE_INTTYPES_H
| # include <inttypes.h>
| #endif
| #ifdef HAVE_STDINT_H
| # include <stdint.h>
| #endif
| #ifdef HAVE_UNISTD_H
| # include <unistd.h>
| #endif
| int
| main ()
| {
| static int test_array [1 - 2 * !(((long int) (sizeof (long double))) <= 1)];
| test_array [0] = 0;
| return test_array [0];
| 
|   ;
|   return 0;
| }
configure:18112: xcrun -sdk appletvsimulator clang -arch x86_64 -c -mtvos-version-min=9.0 -fembed-bitcode -Wall -fexceptions  conftest.c >&5
conftest.c:71:24: error: 'test_array' declared as an array with a negative size
static int test_array [1 - 2 * !(((long int) (sizeof (long double))) <= 3)];
                       ^~~~~~~~~~~~~~~~~~~~~~~~~~~~~~~~~~~~~~~~~~~~~~~~~~~
1 error generated.
configure:18112: $? = 1
configure: failed program was:
| /* confdefs.h */
| #define PACKAGE_NAME "libffi"
| #define PACKAGE_TARNAME "libffi"
| #define PACKAGE_VERSION "3.4.2"
| #define PACKAGE_STRING "libffi 3.4.2"
| #define PACKAGE_BUGREPORT "http://github.com/libffi/libffi/issues"
| #define PACKAGE_URL ""
| #define PACKAGE "libffi"
| #define VERSION "3.4.2"
| #define STDC_HEADERS 1
| #define HAVE_SYS_TYPES_H 1
| #define HAVE_SYS_STAT_H 1
| #define HAVE_STDLIB_H 1
| #define HAVE_STRING_H 1
| #define HAVE_MEMORY_H 1
| #define HAVE_STRINGS_H 1
| #define HAVE_INTTYPES_H 1
| #define HAVE_STDINT_H 1
| #define HAVE_UNISTD_H 1
| #define HAVE_DLFCN_H 1
| #define LT_OBJDIR ".libs/"
| #define SIZEOF_SIZE_T 8
| #define HAVE_SYS_MMAN_H 1
| #define HAVE_MMAP 1
| #define HAVE_MKOSTEMP 1
| #define HAVE_MKSTEMP 1
| #define HAVE_MMAP_FILE 1
| #define HAVE_MMAP_ANON 1
| #define STDC_HEADERS 1
| #define HAVE_MEMCPY 1
| #define HAVE_ALLOCA_H 1
| #define HAVE_ALLOCA 1
| #define SIZEOF_DOUBLE 8
| /* end confdefs.h.  */
| #include <stdio.h>
| #ifdef HAVE_SYS_TYPES_H
| # include <sys/types.h>
| #endif
| #ifdef HAVE_SYS_STAT_H
| # include <sys/stat.h>
| #endif
| #ifdef STDC_HEADERS
| # include <stdlib.h>
| # include <stddef.h>
| #else
| # ifdef HAVE_STDLIB_H
| #  include <stdlib.h>
| # endif
| #endif
| #ifdef HAVE_STRING_H
| # if !defined STDC_HEADERS && defined HAVE_MEMORY_H
| #  include <memory.h>
| # endif
| # include <string.h>
| #endif
| #ifdef HAVE_STRINGS_H
| # include <strings.h>
| #endif
| #ifdef HAVE_INTTYPES_H
| # include <inttypes.h>
| #endif
| #ifdef HAVE_STDINT_H
| # include <stdint.h>
| #endif
| #ifdef HAVE_UNISTD_H
| # include <unistd.h>
| #endif
| int
| main ()
| {
| static int test_array [1 - 2 * !(((long int) (sizeof (long double))) <= 3)];
| test_array [0] = 0;
| return test_array [0];
| 
|   ;
|   return 0;
| }
configure:18112: xcrun -sdk appletvsimulator clang -arch x86_64 -c -mtvos-version-min=9.0 -fembed-bitcode -Wall -fexceptions  conftest.c >&5
conftest.c:71:24: error: 'test_array' declared as an array with a negative size
static int test_array [1 - 2 * !(((long int) (sizeof (long double))) <= 7)];
                       ^~~~~~~~~~~~~~~~~~~~~~~~~~~~~~~~~~~~~~~~~~~~~~~~~~~
1 error generated.
configure:18112: $? = 1
configure: failed program was:
| /* confdefs.h */
| #define PACKAGE_NAME "libffi"
| #define PACKAGE_TARNAME "libffi"
| #define PACKAGE_VERSION "3.4.2"
| #define PACKAGE_STRING "libffi 3.4.2"
| #define PACKAGE_BUGREPORT "http://github.com/libffi/libffi/issues"
| #define PACKAGE_URL ""
| #define PACKAGE "libffi"
| #define VERSION "3.4.2"
| #define STDC_HEADERS 1
| #define HAVE_SYS_TYPES_H 1
| #define HAVE_SYS_STAT_H 1
| #define HAVE_STDLIB_H 1
| #define HAVE_STRING_H 1
| #define HAVE_MEMORY_H 1
| #define HAVE_STRINGS_H 1
| #define HAVE_INTTYPES_H 1
| #define HAVE_STDINT_H 1
| #define HAVE_UNISTD_H 1
| #define HAVE_DLFCN_H 1
| #define LT_OBJDIR ".libs/"
| #define SIZEOF_SIZE_T 8
| #define HAVE_SYS_MMAN_H 1
| #define HAVE_MMAP 1
| #define HAVE_MKOSTEMP 1
| #define HAVE_MKSTEMP 1
| #define HAVE_MMAP_FILE 1
| #define HAVE_MMAP_ANON 1
| #define STDC_HEADERS 1
| #define HAVE_MEMCPY 1
| #define HAVE_ALLOCA_H 1
| #define HAVE_ALLOCA 1
| #define SIZEOF_DOUBLE 8
| /* end confdefs.h.  */
| #include <stdio.h>
| #ifdef HAVE_SYS_TYPES_H
| # include <sys/types.h>
| #endif
| #ifdef HAVE_SYS_STAT_H
| # include <sys/stat.h>
| #endif
| #ifdef STDC_HEADERS
| # include <stdlib.h>
| # include <stddef.h>
| #else
| # ifdef HAVE_STDLIB_H
| #  include <stdlib.h>
| # endif
| #endif
| #ifdef HAVE_STRING_H
| # if !defined STDC_HEADERS && defined HAVE_MEMORY_H
| #  include <memory.h>
| # endif
| # include <string.h>
| #endif
| #ifdef HAVE_STRINGS_H
| # include <strings.h>
| #endif
| #ifdef HAVE_INTTYPES_H
| # include <inttypes.h>
| #endif
| #ifdef HAVE_STDINT_H
| # include <stdint.h>
| #endif
| #ifdef HAVE_UNISTD_H
| # include <unistd.h>
| #endif
| int
| main ()
| {
| static int test_array [1 - 2 * !(((long int) (sizeof (long double))) <= 7)];
| test_array [0] = 0;
| return test_array [0];
| 
|   ;
|   return 0;
| }
configure:18112: xcrun -sdk appletvsimulator clang -arch x86_64 -c -mtvos-version-min=9.0 -fembed-bitcode -Wall -fexceptions  conftest.c >&5
conftest.c:71:24: error: 'test_array' declared as an array with a negative size
static int test_array [1 - 2 * !(((long int) (sizeof (long double))) <= 15)];
                       ^~~~~~~~~~~~~~~~~~~~~~~~~~~~~~~~~~~~~~~~~~~~~~~~~~~~
1 error generated.
configure:18112: $? = 1
configure: failed program was:
| /* confdefs.h */
| #define PACKAGE_NAME "libffi"
| #define PACKAGE_TARNAME "libffi"
| #define PACKAGE_VERSION "3.4.2"
| #define PACKAGE_STRING "libffi 3.4.2"
| #define PACKAGE_BUGREPORT "http://github.com/libffi/libffi/issues"
| #define PACKAGE_URL ""
| #define PACKAGE "libffi"
| #define VERSION "3.4.2"
| #define STDC_HEADERS 1
| #define HAVE_SYS_TYPES_H 1
| #define HAVE_SYS_STAT_H 1
| #define HAVE_STDLIB_H 1
| #define HAVE_STRING_H 1
| #define HAVE_MEMORY_H 1
| #define HAVE_STRINGS_H 1
| #define HAVE_INTTYPES_H 1
| #define HAVE_STDINT_H 1
| #define HAVE_UNISTD_H 1
| #define HAVE_DLFCN_H 1
| #define LT_OBJDIR ".libs/"
| #define SIZEOF_SIZE_T 8
| #define HAVE_SYS_MMAN_H 1
| #define HAVE_MMAP 1
| #define HAVE_MKOSTEMP 1
| #define HAVE_MKSTEMP 1
| #define HAVE_MMAP_FILE 1
| #define HAVE_MMAP_ANON 1
| #define STDC_HEADERS 1
| #define HAVE_MEMCPY 1
| #define HAVE_ALLOCA_H 1
| #define HAVE_ALLOCA 1
| #define SIZEOF_DOUBLE 8
| /* end confdefs.h.  */
| #include <stdio.h>
| #ifdef HAVE_SYS_TYPES_H
| # include <sys/types.h>
| #endif
| #ifdef HAVE_SYS_STAT_H
| # include <sys/stat.h>
| #endif
| #ifdef STDC_HEADERS
| # include <stdlib.h>
| # include <stddef.h>
| #else
| # ifdef HAVE_STDLIB_H
| #  include <stdlib.h>
| # endif
| #endif
| #ifdef HAVE_STRING_H
| # if !defined STDC_HEADERS && defined HAVE_MEMORY_H
| #  include <memory.h>
| # endif
| # include <string.h>
| #endif
| #ifdef HAVE_STRINGS_H
| # include <strings.h>
| #endif
| #ifdef HAVE_INTTYPES_H
| # include <inttypes.h>
| #endif
| #ifdef HAVE_STDINT_H
| # include <stdint.h>
| #endif
| #ifdef HAVE_UNISTD_H
| # include <unistd.h>
| #endif
| int
| main ()
| {
| static int test_array [1 - 2 * !(((long int) (sizeof (long double))) <= 15)];
| test_array [0] = 0;
| return test_array [0];
| 
|   ;
|   return 0;
| }
configure:18112: xcrun -sdk appletvsimulator clang -arch x86_64 -c -mtvos-version-min=9.0 -fembed-bitcode -Wall -fexceptions  conftest.c >&5
configure:18112: $? = 0
configure:18112: xcrun -sdk appletvsimulator clang -arch x86_64 -c -mtvos-version-min=9.0 -fembed-bitcode -Wall -fexceptions  conftest.c >&5
configure:18112: $? = 0
configure:18112: xcrun -sdk appletvsimulator clang -arch x86_64 -c -mtvos-version-min=9.0 -fembed-bitcode -Wall -fexceptions  conftest.c >&5
configure:18112: $? = 0
configure:18112: xcrun -sdk appletvsimulator clang -arch x86_64 -c -mtvos-version-min=9.0 -fembed-bitcode -Wall -fexceptions  conftest.c >&5
configure:18112: $? = 0
configure:18112: xcrun -sdk appletvsimulator clang -arch x86_64 -c -mtvos-version-min=9.0 -fembed-bitcode -Wall -fexceptions  conftest.c >&5
configure:18112: $? = 0
configure:18126: result: 16
configure:18159: checking whether byte ordering is bigendian
configure:18174: xcrun -sdk appletvsimulator clang -arch x86_64 -c -mtvos-version-min=9.0 -fembed-bitcode -Wall -fexceptions  conftest.c >&5
configure:18174: $? = 0
configure:18219: xcrun -sdk appletvsimulator clang -arch x86_64 -c -mtvos-version-min=9.0 -fembed-bitcode -Wall -fexceptions  conftest.c >&5
configure:18219: $? = 0
configure:18237: xcrun -sdk appletvsimulator clang -arch x86_64 -c -mtvos-version-min=9.0 -fembed-bitcode -Wall -fexceptions  conftest.c >&5
conftest.c:44:4: error: use of undeclared identifier 'not'
                 not big endian
                 ^
1 error generated.
configure:18237: $? = 1
configure: failed program was:
| /* confdefs.h */
| #define PACKAGE_NAME "libffi"
| #define PACKAGE_TARNAME "libffi"
| #define PACKAGE_VERSION "3.4.2"
| #define PACKAGE_STRING "libffi 3.4.2"
| #define PACKAGE_BUGREPORT "http://github.com/libffi/libffi/issues"
| #define PACKAGE_URL ""
| #define PACKAGE "libffi"
| #define VERSION "3.4.2"
| #define STDC_HEADERS 1
| #define HAVE_SYS_TYPES_H 1
| #define HAVE_SYS_STAT_H 1
| #define HAVE_STDLIB_H 1
| #define HAVE_STRING_H 1
| #define HAVE_MEMORY_H 1
| #define HAVE_STRINGS_H 1
| #define HAVE_INTTYPES_H 1
| #define HAVE_STDINT_H 1
| #define HAVE_UNISTD_H 1
| #define HAVE_DLFCN_H 1
| #define LT_OBJDIR ".libs/"
| #define SIZEOF_SIZE_T 8
| #define HAVE_SYS_MMAN_H 1
| #define HAVE_MMAP 1
| #define HAVE_MKOSTEMP 1
| #define HAVE_MKSTEMP 1
| #define HAVE_MMAP_FILE 1
| #define HAVE_MMAP_ANON 1
| #define STDC_HEADERS 1
| #define HAVE_MEMCPY 1
| #define HAVE_ALLOCA_H 1
| #define HAVE_ALLOCA 1
| #define SIZEOF_DOUBLE 8
| #define SIZEOF_LONG_DOUBLE 16
| #define HAVE_LONG_DOUBLE 1
| /* end confdefs.h.  */
| #include <sys/types.h>
| 		#include <sys/param.h>
| 
| int
| main ()
| {
| #if BYTE_ORDER != BIG_ENDIAN
| 		 not big endian
| 		#endif
| 
|   ;
|   return 0;
| }
configure:18365: result: no
configure:18384: checking assembler .cfi pseudo-op support
configure:18402: xcrun -sdk appletvsimulator clang -arch x86_64 -c -mtvos-version-min=9.0 -fembed-bitcode -Wall -fexceptions  conftest.c >&5
error: Expected an identifier
.cfi_sections
             ^
<inline asm>:1:14: error: Expected an identifier
.cfi_sections
             ^
error: cannot compile inline asm
1 error generated.
configure:18402: $? = 1
configure: failed program was:
| /* confdefs.h */
| #define PACKAGE_NAME "libffi"
| #define PACKAGE_TARNAME "libffi"
| #define PACKAGE_VERSION "3.4.2"
| #define PACKAGE_STRING "libffi 3.4.2"
| #define PACKAGE_BUGREPORT "http://github.com/libffi/libffi/issues"
| #define PACKAGE_URL ""
| #define PACKAGE "libffi"
| #define VERSION "3.4.2"
| #define STDC_HEADERS 1
| #define HAVE_SYS_TYPES_H 1
| #define HAVE_SYS_STAT_H 1
| #define HAVE_STDLIB_H 1
| #define HAVE_STRING_H 1
| #define HAVE_MEMORY_H 1
| #define HAVE_STRINGS_H 1
| #define HAVE_INTTYPES_H 1
| #define HAVE_STDINT_H 1
| #define HAVE_UNISTD_H 1
| #define HAVE_DLFCN_H 1
| #define LT_OBJDIR ".libs/"
| #define SIZEOF_SIZE_T 8
| #define HAVE_SYS_MMAN_H 1
| #define HAVE_MMAP 1
| #define HAVE_MKOSTEMP 1
| #define HAVE_MKSTEMP 1
| #define HAVE_MMAP_FILE 1
| #define HAVE_MMAP_ANON 1
| #define STDC_HEADERS 1
| #define HAVE_MEMCPY 1
| #define HAVE_ALLOCA_H 1
| #define HAVE_ALLOCA 1
| #define SIZEOF_DOUBLE 8
| #define SIZEOF_LONG_DOUBLE 16
| #define HAVE_LONG_DOUBLE 1
| /* end confdefs.h.  */
| asm (".cfi_sections\n\t.cfi_startproc\n\t.cfi_endproc");
| int
| main ()
| {
| 
|   ;
|   return 0;
| }
configure:18410: result: no
configure:18497: checking assembler supports pc related relocs
configure:18510: result: yes
configure:18545: checking whether compiler supports pointer authentication
configure:18573: xcrun -sdk appletvsimulator clang -arch x86_64 -c -mtvos-version-min=9.0 -fembed-bitcode -Wall -fexceptions  conftest.c >&5
conftest.c:50:3: error: Pointer authentication not supported
# error Pointer authentication not supported
  ^
1 error generated.
configure:18573: $? = 1
configure: failed program was:
| /* confdefs.h */
| #define PACKAGE_NAME "libffi"
| #define PACKAGE_TARNAME "libffi"
| #define PACKAGE_VERSION "3.4.2"
| #define PACKAGE_STRING "libffi 3.4.2"
| #define PACKAGE_BUGREPORT "http://github.com/libffi/libffi/issues"
| #define PACKAGE_URL ""
| #define PACKAGE "libffi"
| #define VERSION "3.4.2"
| #define STDC_HEADERS 1
| #define HAVE_SYS_TYPES_H 1
| #define HAVE_SYS_STAT_H 1
| #define HAVE_STDLIB_H 1
| #define HAVE_STRING_H 1
| #define HAVE_MEMORY_H 1
| #define HAVE_STRINGS_H 1
| #define HAVE_INTTYPES_H 1
| #define HAVE_STDINT_H 1
| #define HAVE_UNISTD_H 1
| #define HAVE_DLFCN_H 1
| #define LT_OBJDIR ".libs/"
| #define SIZEOF_SIZE_T 8
| #define HAVE_SYS_MMAN_H 1
| #define HAVE_MMAP 1
| #define HAVE_MKOSTEMP 1
| #define HAVE_MKSTEMP 1
| #define HAVE_MMAP_FILE 1
| #define HAVE_MMAP_ANON 1
| #define STDC_HEADERS 1
| #define HAVE_MEMCPY 1
| #define HAVE_ALLOCA_H 1
| #define HAVE_ALLOCA 1
| #define SIZEOF_DOUBLE 8
| #define SIZEOF_LONG_DOUBLE 16
| #define HAVE_LONG_DOUBLE 1
| #define HAVE_AS_X86_PCREL 1
| /* end confdefs.h.  */
| 
| int
| main ()
| {
| 
| #ifdef __clang__
| # if __has_feature(ptrauth_calls)
| #  define HAVE_PTRAUTH 1
| # endif
| #endif
| 
| #ifndef HAVE_PTRAUTH
| # error Pointer authentication not supported
| #endif
| 
|   ;
|   return 0;
| }
configure:18581: result: no
configure:18600: checking for _ prefix in compiled symbols
configure:18610: xcrun -sdk appletvsimulator clang -arch x86_64 -c -mtvos-version-min=9.0 -fembed-bitcode -Wall -fexceptions  conftest.c >&5
conftest.c:2:12: warning: expression result unused [-Wunused-value]
int main(){nm_test_func;return 0;}
           ^~~~~~~~~~~~
1 warning generated.
configure:18613: $? = 0
configure:18617: nm conftest.o \| sed -n -e 's/^.*[	 ]\([BCDEGRST][BCDEGRST]*\)[	 ][	 ]*_\([_A-Za-z][_A-Za-z0-9]*\)$/\1 _\2 \2/p' | sed '/ __gnu_lto/d' \> conftest.nm
configure:18620: $? = 0
configure:18642: result: yes
configure:18678: checking toolchain supports unwind section type
configure:18707: result: no
configure:18717: checking whether C compiler accepts -fno-lto
configure:18736: xcrun -sdk appletvsimulator clang -arch x86_64 -c -mtvos-version-min=9.0 -fembed-bitcode -Wall -fexceptions  -fno-lto  conftest.c >&5
configure:18736: $? = 0
configure:18744: result: yes
configure:18753: checking whether .eh_frame section should be read-only
configure:18769: result: yes
configure:18784: checking for __attribute__((visibility("hidden")))
configure:18793: xcrun -sdk appletvsimulator clang -arch x86_64 -Werror -S conftest.c -o conftest.s 1>&5
configure:18796: $? = 0
configure:18805: result: yes
configure:18962: checking for ld used by xcrun -sdk appletvsimulator clang -arch x86_64
configure:19029: result: xcrun -sdk appletvsimulator ld -arch x86_64
configure:19036: checking if the linker (xcrun -sdk appletvsimulator ld -arch x86_64) is GNU ld
configure:19051: result: no
configure:19364: versioning on shared library symbols is no
configure:19485: checking that generated files are newer than configure
configure:19491: result: done
configure:19559: creating ./config.status

## ---------------------- ##
## Running config.status. ##
## ---------------------- ##

This file was extended by libffi config.status 3.4.2, which was
generated by GNU Autoconf 2.69.  Invocation command line was

  CONFIG_FILES    = 
  CONFIG_HEADERS  = 
  CONFIG_LINKS    = 
  CONFIG_COMMANDS = 
  $ ./config.status 

on MacBook-Air-de-Emma.local

config.status:1225: creating include/Makefile
config.status:1225: creating include/ffi.h
config.status:1225: creating Makefile
config.status:1225: creating testsuite/Makefile
config.status:1225: creating man/Makefile
config.status:1225: creating doc/Makefile
config.status:1225: creating libffi.pc
config.status:1225: creating fficonfig.h
config.status:1439: executing buildir commands
config.status:1452: skipping top_srcdir/Makefile - not created
config.status:1439: executing depfiles commands
config.status:1660: cd .       && sed -e '/# am--include-marker/d' Makefile         | make -f - am--depfiles
config.status:1665: $? = 0
config.status:1439: executing libtool commands
config.status:1439: executing include commands
config.status:1439: executing src commands

## ---------------- ##
## Cache variables. ##
## ---------------- ##

ac_cv_build=aarch64-apple-darwin21.1.0
ac_cv_c_bigendian=no
ac_cv_c_compiler_gnu=yes
ac_cv_cflags_warn_all=-Wall
ac_cv_cxx_compiler_gnu=yes
ac_cv_decl_map_anon=yes
ac_cv_env_CCASFLAGS_set=
ac_cv_env_CCASFLAGS_value=
ac_cv_env_CCAS_set=
ac_cv_env_CCAS_value=
ac_cv_env_CPPFLAGS_set=
ac_cv_env_CPPFLAGS_value=
ac_cv_env_CPP_set=
ac_cv_env_CPP_value=
ac_cv_env_CXXCPP_set=
ac_cv_env_CXXCPP_value=
ac_cv_env_LT_SYS_LIBRARY_PATH_set=
ac_cv_env_LT_SYS_LIBRARY_PATH_value=
ac_cv_env_build_alias_set=
ac_cv_env_build_alias_value=
ac_cv_env_host_alias_set=set
ac_cv_env_host_alias_value=x86_64-apple-darwin13
ac_cv_env_target_alias_set=
ac_cv_env_target_alias_value=
ac_cv_func_alloca_works=yes
ac_cv_func_memcpy=yes
ac_cv_func_memfd_create=no
ac_cv_func_mkostemp=yes
ac_cv_func_mkstemp=yes
ac_cv_func_mmap=yes
ac_cv_func_mmap_anon=yes
ac_cv_func_mmap_dev_zero=no
ac_cv_func_mmap_file=yes
ac_cv_header_dlfcn_h=yes
ac_cv_header_inttypes_h=yes
ac_cv_header_memory_h=yes
ac_cv_header_stdc=yes
ac_cv_header_stdint_h=yes
ac_cv_header_stdlib_h=yes
ac_cv_header_string_h=yes
ac_cv_header_strings_h=yes
ac_cv_header_sys_memfd_h=no
ac_cv_header_sys_mman_h=yes
ac_cv_header_sys_stat_h=yes
ac_cv_header_sys_types_h=yes
ac_cv_header_unistd_h=yes
ac_cv_host=x86_64-apple-darwin13
ac_cv_objext=o
ac_cv_path_EGREP='/usr/bin/grep -E'
ac_cv_path_FGREP='/usr/bin/grep -F'
ac_cv_path_GREP=/usr/bin/grep
ac_cv_path_SED=/usr/bin/sed
ac_cv_path_ax_enable_builddir_sed=sed
ac_cv_path_install='/usr/bin/install -c'
ac_cv_path_lt_DD=/bin/dd
ac_cv_prog_AWK=awk
ac_cv_prog_CC='xcrun -sdk appletvsimulator clang -arch x86_64'
ac_cv_prog_CPP='xcrun -sdk appletvsimulator clang -arch x86_64 -E'
ac_cv_prog_CXXCPP='g++ -E'
ac_cv_prog_STRIP=strip
ac_cv_prog_ac_ct_AR=ar
ac_cv_prog_ac_ct_CXX=g++
ac_cv_prog_ac_ct_DSYMUTIL=dsymutil
ac_cv_prog_ac_ct_DUMPBIN='link -dump'
ac_cv_prog_ac_ct_LIPO=lipo
ac_cv_prog_ac_ct_NMEDIT=nmedit
ac_cv_prog_ac_ct_OBJDUMP=objdump
ac_cv_prog_ac_ct_OTOOL=otool
ac_cv_prog_ac_ct_RANLIB=ranlib
ac_cv_prog_ac_ct_STRIP=strip
ac_cv_prog_cc_c89=
ac_cv_prog_cc_g=yes
ac_cv_prog_cxx_g=yes
ac_cv_prog_make_make_set=yes
ac_cv_sizeof_double=8
ac_cv_sizeof_long_double=16
ac_cv_sizeof_size_t=8
ac_cv_target=x86_64-apple-darwin13
ac_cv_type_size_t=yes
ac_cv_working_alloca_h=yes
am_cv_CCAS_dependencies_compiler_type=gcc3
am_cv_CC_dependencies_compiler_type=gcc3
am_cv_CXX_dependencies_compiler_type=gcc3
am_cv_make_support_nested_variables=yes
am_cv_prog_cc_c_o=yes
ax_cv_c_compiler_vendor=clang
ax_cv_check_cflags___fno_lto=yes
gcc_cv_as_cfi_pseudo_op=no
libffi_cv_as_ptrauth=no
libffi_cv_as_x86_64_unwind_section_type=no
libffi_cv_as_x86_pcrel=yes
libffi_cv_hidden_visibility_attribute=yes
libffi_cv_no_lto=-fno-lto
libffi_cv_ro_eh_frame=yes
lt_cv_apple_cc_single_mod=yes
lt_cv_ar_at_file=no
lt_cv_deplibs_check_method=pass_all
lt_cv_file_magic_cmd='$MAGIC_CMD'
lt_cv_file_magic_test_file=
lt_cv_ld_exported_symbols_list=yes
lt_cv_ld_force_load=yes
lt_cv_ld_reload_flag=-r
lt_cv_nm_interface='BSD nm'
lt_cv_objdir=.libs
lt_cv_path_LD='xcrun -sdk appletvsimulator ld -arch x86_64'
lt_cv_path_LDCXX='xcrun -sdk appletvsimulator ld -arch x86_64'
lt_cv_path_NM=no
lt_cv_path_mainfest_tool=no
lt_cv_prog_compiler_c_o=yes
lt_cv_prog_compiler_c_o_CXX=yes
lt_cv_prog_compiler_pic='-fno-common -DPIC'
lt_cv_prog_compiler_pic_CXX='-fno-common -DPIC'
lt_cv_prog_compiler_pic_works=yes
lt_cv_prog_compiler_pic_works_CXX=yes
lt_cv_prog_compiler_rtti_exceptions=yes
lt_cv_prog_compiler_static_works=no
lt_cv_prog_compiler_static_works_CXX=no
lt_cv_prog_gnu_ld=no
lt_cv_prog_gnu_ldcxx=no
lt_cv_sharedlib_from_linklib_cmd='printf %s\n'
lt_cv_sys_global_symbol_pipe='sed -n -e '\''s/^.*[	 ]\([BCDEGRST][BCDEGRST]*\)[	 ][	 ]*_\([_A-Za-z][_A-Za-z0-9]*\)$/\1 _\2 \2/p'\'' | sed '\''/ __gnu_lto/d'\'''
lt_cv_sys_global_symbol_to_c_name_address='sed -n -e '\''s/^: \(.*\) .*$/  {"\1", (void *) 0},/p'\'' -e '\''s/^[BCDEGRST][BCDEGRST]* .* \(.*\)$/  {"\1", (void *) \&\1},/p'\'''
lt_cv_sys_global_symbol_to_c_name_address_lib_prefix='sed -n -e '\''s/^: \(.*\) .*$/  {"\1", (void *) 0},/p'\'' -e '\''s/^[BCDEGRST][BCDEGRST]* .* \(lib.*\)$/  {"\1", (void *) \&\1},/p'\'' -e '\''s/^[BCDEGRST][BCDEGRST]* .* \(.*\)$/  {"lib\1", (void *) \&\1},/p'\'''
lt_cv_sys_global_symbol_to_cdecl='sed -n -e '\''s/^T .* \(.*\)$/extern int \1();/p'\'' -e '\''s/^[BCDEGRST][BCDEGRST]* .* \(.*\)$/extern char \1;/p'\'''
lt_cv_sys_global_symbol_to_import=
lt_cv_sys_max_cmd_len=786432
lt_cv_sys_symbol_underscore=yes
lt_cv_to_host_file_cmd=func_convert_file_noop
lt_cv_to_tool_file_cmd=func_convert_file_noop
lt_cv_truncate_bin='/bin/dd bs=4096 count=1'

## ----------------- ##
## Output variables. ##
## ----------------- ##

ACLOCAL='${SHELL} /Users/emma/Developer/Pyto/python3_ios/Python3_ios/libffi-3.4.2/missing aclocal-1.16'
ALLOCA=''
AMDEPBACKSLASH='\'
AMDEP_FALSE='#'
AMDEP_TRUE=''
AMTAR='$${TAR-tar}'
AM_BACKSLASH='\'
AM_DEFAULT_V='$(AM_DEFAULT_VERBOSITY)'
AM_DEFAULT_VERBOSITY='1'
AM_LTLDFLAGS=''
AM_RUNTESTFLAGS=''
AM_V='$(V)'
AR='ar'
AUTOCONF='${SHELL} /Users/emma/Developer/Pyto/python3_ios/Python3_ios/libffi-3.4.2/missing autoconf'
AUTOHEADER='${SHELL} /Users/emma/Developer/Pyto/python3_ios/Python3_ios/libffi-3.4.2/missing autoheader'
AUTOMAKE='${SHELL} /Users/emma/Developer/Pyto/python3_ios/Python3_ios/libffi-3.4.2/missing automake-1.16'
AWK='awk'
BUILD_DOCS_FALSE='#'
BUILD_DOCS_TRUE=''
CC='xcrun -sdk appletvsimulator clang -arch x86_64'
CCAS='xcrun -sdk appletvsimulator clang -arch x86_64'
CCASDEPMODE='depmode=gcc3'
CCASFLAGS='-mtvos-version-min=9.0 -fembed-bitcode'
CCDEPMODE='depmode=gcc3'
CFLAGS='-mtvos-version-min=9.0 -fembed-bitcode -Wall -fexceptions'
CPP='xcrun -sdk appletvsimulator clang -arch x86_64 -E'
CPPFLAGS=''
CXX='g++'
CXXCPP='g++ -E'
CXXDEPMODE='depmode=gcc3'
CXXFLAGS='-g -O2'
CYGPATH_W='echo'
DEFS='-DHAVE_CONFIG_H'
DEPDIR='.deps'
DLLTOOL='false'
DSYMUTIL='dsymutil'
DUMPBIN=':'
ECHO_C='\c'
ECHO_N=''
ECHO_T=''
EGREP='/usr/bin/grep -E'
EXEEXT=''
FFI_DEBUG_FALSE=''
FFI_DEBUG_TRUE='#'
FFI_EXEC_TRAMPOLINE_TABLE='0'
FFI_EXEC_TRAMPOLINE_TABLE_FALSE=''
FFI_EXEC_TRAMPOLINE_TABLE_TRUE='#'
FGREP='/usr/bin/grep -F'
GREP='/usr/bin/grep'
HAVE_LONG_DOUBLE='1'
HAVE_LONG_DOUBLE_VARIANT='0'
INSTALL_DATA='${INSTALL} -m 644'
INSTALL_PROGRAM='${INSTALL}'
INSTALL_SCRIPT='${INSTALL}'
INSTALL_STRIP_PROGRAM='$(install_sh) -c -s'
LD='xcrun -sdk appletvsimulator ld -arch x86_64'
LDFLAGS=''
LIBFFI_BUILD_VERSIONED_SHLIB_FALSE=''
LIBFFI_BUILD_VERSIONED_SHLIB_GNU_FALSE=''
LIBFFI_BUILD_VERSIONED_SHLIB_GNU_TRUE='#'
LIBFFI_BUILD_VERSIONED_SHLIB_SUN_FALSE=''
LIBFFI_BUILD_VERSIONED_SHLIB_SUN_TRUE='#'
LIBFFI_BUILD_VERSIONED_SHLIB_TRUE='#'
LIBOBJS=''
LIBS=''
LIBTOOL='$(SHELL) $(top_builddir)/libtool'
LIPO='lipo'
LN_S='ln -s'
LTLIBOBJS=''
LT_SYS_LIBRARY_PATH=''
MAINT='#'
MAINTAINER_MODE_FALSE=''
MAINTAINER_MODE_TRUE='#'
MAKEINFO='${SHELL} /Users/emma/Developer/Pyto/python3_ios/Python3_ios/libffi-3.4.2/missing makeinfo'
MANIFEST_TOOL=':'
MKDIR_P='../install-sh -c -d'
NM='nm'
NMEDIT='nmedit'
OBJDUMP='objdump'
OBJEXT='o'
OPT_LDFLAGS=''
OTOOL64=':'
OTOOL='otool'
PACKAGE='libffi'
PACKAGE_BUGREPORT='http://github.com/libffi/libffi/issues'
PACKAGE_NAME='libffi'
PACKAGE_STRING='libffi 3.4.2'
PACKAGE_TARNAME='libffi'
PACKAGE_URL=''
PACKAGE_VERSION='3.4.2'
PATH_SEPARATOR=':'
PRTDIAG=''
RANLIB='ranlib'
READELF=''
SECTION_LDFLAGS=''
SED='/usr/bin/sed'
SET_MAKE=''
SHELL='/bin/sh'
STRIP='strip'
TARGET='X86_64'
TARGETDIR='x86'
TARGET_OBJ=' src/x86/ffi64.lo src/x86/unix64.lo src/x86/ffiw64.lo src/x86/win64.lo'
TESTSUBDIR_FALSE='#'
TESTSUBDIR_TRUE=''
VERSION='3.4.2'
ac_ct_AR='ar'
ac_ct_CC=''
ac_ct_CXX='g++'
ac_ct_DUMPBIN='link -dump'
am__EXEEXT_FALSE=''
am__EXEEXT_TRUE='#'
am__fastdepCCAS_FALSE='#'
am__fastdepCCAS_TRUE=''
am__fastdepCC_FALSE='#'
am__fastdepCC_TRUE=''
am__fastdepCXX_FALSE='#'
am__fastdepCXX_TRUE=''
am__include='include'
am__isrc=' -I$(srcdir)'
am__leading_dot='.'
am__nodep='_no'
am__quote=''
am__tar='$${TAR-tar} chof - "$$tardir"'
am__untar='$${TAR-tar} xf -'
ax_enable_builddir_sed='sed'
bindir='${exec_prefix}/bin'
build='aarch64-apple-darwin21.1.0'
build_alias=''
build_cpu='aarch64'
build_os='darwin21.1.0'
build_vendor='apple'
datadir='${datarootdir}'
datarootdir='${prefix}/share'
docdir='${datarootdir}/doc/${PACKAGE_TARNAME}'
dvidir='${docdir}'
exec_prefix='${prefix}'
host='x86_64-apple-darwin13'
host_alias='x86_64-apple-darwin13'
host_cpu='x86_64'
host_os='darwin13'
host_vendor='apple'
htmldir='${docdir}'
includedir='${prefix}/include'
infodir='${datarootdir}/info'
install_sh='${SHELL} /Users/emma/Developer/Pyto/python3_ios/Python3_ios/libffi-3.4.2/install-sh'
libdir='${exec_prefix}/lib'
libexecdir='${exec_prefix}/libexec'
localedir='${datarootdir}/locale'
localstatedir='${prefix}/var'
mandir='${datarootdir}/man'
mkdir_p='$(MKDIR_P)'
oldincludedir='/usr/include'
pdfdir='${docdir}'
prefix='/usr/local'
program_transform_name='s,x,x,'
psdir='${docdir}'
runstatedir='${localstatedir}/run'
sbindir='${exec_prefix}/sbin'
sharedstatedir='${prefix}/com'
sys_symbol_underscore='yes'
sysconfdir='${prefix}/etc'
target='x86_64-apple-darwin13'
target_alias='x86_64-apple-darwin13'
target_cpu='x86_64'
target_os='darwin13'
target_vendor='apple'
toolexecdir='${libdir}/gcc-lib/$(target_alias)'
toolexeclibdir='${libdir}'

## ----------- ##
## confdefs.h. ##
## ----------- ##

/* confdefs.h */
#define PACKAGE_NAME "libffi"
#define PACKAGE_TARNAME "libffi"
#define PACKAGE_VERSION "3.4.2"
#define PACKAGE_STRING "libffi 3.4.2"
#define PACKAGE_BUGREPORT "http://github.com/libffi/libffi/issues"
#define PACKAGE_URL ""
#define PACKAGE "libffi"
#define VERSION "3.4.2"
#define STDC_HEADERS 1
#define HAVE_SYS_TYPES_H 1
#define HAVE_SYS_STAT_H 1
#define HAVE_STDLIB_H 1
#define HAVE_STRING_H 1
#define HAVE_MEMORY_H 1
#define HAVE_STRINGS_H 1
#define HAVE_INTTYPES_H 1
#define HAVE_STDINT_H 1
#define HAVE_UNISTD_H 1
#define HAVE_DLFCN_H 1
#define LT_OBJDIR ".libs/"
#define SIZEOF_SIZE_T 8
#define HAVE_SYS_MMAN_H 1
#define HAVE_MMAP 1
#define HAVE_MKOSTEMP 1
#define HAVE_MKSTEMP 1
#define HAVE_MMAP_FILE 1
#define HAVE_MMAP_ANON 1
#define STDC_HEADERS 1
#define HAVE_MEMCPY 1
#define HAVE_ALLOCA_H 1
#define HAVE_ALLOCA 1
#define SIZEOF_DOUBLE 8
#define SIZEOF_LONG_DOUBLE 16
#define HAVE_LONG_DOUBLE 1
#define HAVE_AS_X86_PCREL 1
#define SYMBOL_UNDERSCORE 1
#define FFI_MMAP_EXEC_WRIT 1
#define HAVE_RO_EH_FRAME 1
#define EH_FRAME_FLAGS "a"
#define HAVE_HIDDEN_VISIBILITY_ATTRIBUTE 1

configure: exit 0
